[ 2019-05-22T20:56:22+08:00 ] 0.0.0.0 /edu1/admin.php
INFO: [ app_begin ] --START--
INFO: ReadHtmlCache Behavior ::run [ RunTime:0.000000s ]
INFO: [ app_begin ] --END-- [ RunTime:0.000000s ]

[ 2019-05-22T20:56:22+08:00 ] 0.0.0.0 /edu1/admin.php/Public/login.html
INFO: [ route_check ] --START--
INFO: CheckRoute Behavior ::run [ RunTime:0.000000s ]
INFO: [ route_check ] --END-- [ RunTime:0.000000s ]
NOTIC: [2] preg_replace(): The /e modifier is no longer supported, use preg_replace_callback instead E:\PHP\wamp64\www\edu1\ThinkPHP\Lib\Core\Dispatcher.class.php 第 132 行.
INFO: [ app_begin ] --START--
INFO: ReadHtmlCache Behavior ::run [ RunTime:0.000000s ]
INFO: [ app_begin ] --END-- [ RunTime:0.000000s ]
INFO: [ view_parse ] --START--
NOTIC: [8] Undefined index: errorinfo E:\PHP\wamp64\www\edu1\Admin\Runtime\Cache\754afcf016435756ef11c645ae70896ba2ab8d15.file.login.html.php 第 74 行.
NOTIC: [8] Trying to get property of non-object E:\PHP\wamp64\www\edu1\Admin\Runtime\Cache\754afcf016435756ef11c645ae70896ba2ab8d15.file.login.html.php 第 74 行.
INFO: ParseTemplate Behavior ::run [ RunTime:0.020001s ]
INFO: [ view_parse ] --END-- [ RunTime:0.020001s ]
INFO: [ view_filter ] --START--
INFO: ContentReplace Behavior ::run [ RunTime:0.000000s ]
INFO: TokenBuild Behavior ::run [ RunTime:0.001000s ]
INFO: WriteHtmlCache Behavior ::run [ RunTime:0.000000s ]
INFO: ShowRuntime Behavior ::run [ RunTime:0.001000s ]
INFO: [ view_filter ] --END-- [ RunTime:0.002000s ]
INFO: [ view_end ] --START--
INFO: ShowPageTrace Behavior ::run [ RunTime:0.000000s ]
INFO: [ view_end ] --END-- [ RunTime:0.000000s ]

[ 2019-05-22T20:56:23+08:00 ] 0.0.0.0 /edu1/admin.php/Public/verify/
INFO: [ route_check ] --START--
INFO: CheckRoute Behavior ::run [ RunTime:0.002000s ]
INFO: [ route_check ] --END-- [ RunTime:0.002000s ]
NOTIC: [2] preg_replace(): The /e modifier is no longer supported, use preg_replace_callback instead E:\PHP\wamp64\www\edu1\ThinkPHP\Lib\Core\Dispatcher.class.php 第 132 行.
INFO: [ app_begin ] --START--
INFO: ReadHtmlCache Behavior ::run [ RunTime:0.001000s ]
INFO: [ app_begin ] --END-- [ RunTime:0.001000s ]

[ 2019-05-22T23:32:39+08:00 ] 0.0.0.0 /edu1/admin.php/Public/checkLogin
INFO: [ route_check ] --START--
INFO: CheckRoute Behavior ::run [ RunTime:0.002500s ]
INFO: [ route_check ] --END-- [ RunTime:0.002500s ]
NOTIC: [2] preg_replace(): The /e modifier is no longer supported, use preg_replace_callback instead E:\PHP\wamp64\www\edu1\ThinkPHP\Lib\Core\Dispatcher.class.php 第 132 行.
INFO: [ app_begin ] --START--
INFO: ReadHtmlCache Behavior ::run [ RunTime:0.000000s ]
INFO: [ app_begin ] --END-- [ RunTime:0.000000s ]
SQL: SHOW COLUMNS FROM `edu_users` [ RunTime:0.000000s ]
NOTIC: [2] preg_replace(): The /e modifier is no longer supported, use preg_replace_callback instead E:\PHP\wamp64\www\edu1\ThinkPHP\Lib\Core\Db.class.php 第 604 行.
SQL: SELECT * FROM `edu_users` WHERE ( username = 'admin' ) LIMIT 1   [ RunTime:0.000000s ]
NOTIC: [2] preg_replace(): The /e modifier is no longer supported, use preg_replace_callback instead E:\PHP\wamp64\www\edu1\ThinkPHP\Lib\Core\Db.class.php 第 604 行.
SQL: SELECT * FROM `edu_users` WHERE ( `id` = 55 ) LIMIT 1   [ RunTime:0.000000s ]
SQL: UPDATE `edu_users` SET `username`='admin',`userpass`='21232f297a57a5a743894a0e4a801fc3',`name`='管理员',`sex`=1,`age`=22,`email`='admin@admin.com',`class`='74',`picture`='530e9f9d3b45b.jpg',`level`=10,`point`=999,`addtime`=1393430863,`introduce`='无',`logintime`=1453208448,`logouttime`=1453310061,`loginnum`=38 WHERE ( `id` = 55 ) [ RunTime:0.000000s ]
SQL: select n.mname,n.aname from edu_userrole ur,edu_role_node rn,edu_node n where ur.rid=rn.rid and rn.nid=n.id and ur.uid=55 [ RunTime:0.055001s ]
SQL: SHOW COLUMNS FROM `edu_userrole` [ RunTime:0.000000s ]
NOTIC: [2] preg_replace(): The /e modifier is no longer supported, use preg_replace_callback instead E:\PHP\wamp64\www\edu1\ThinkPHP\Lib\Core\Db.class.php 第 604 行.
SQL: SELECT * FROM `edu_userrole` WHERE ( uid='55' )  [ RunTime:0.000000s ]

[ 2019-05-22T23:32:39+08:00 ] 0.0.0.0 /edu1/admin.php/Index/index.html
INFO: [ route_check ] --START--
INFO: CheckRoute Behavior ::run [ RunTime:0.002500s ]
INFO: [ route_check ] --END-- [ RunTime:0.002500s ]
NOTIC: [2] preg_replace(): The /e modifier is no longer supported, use preg_replace_callback instead E:\PHP\wamp64\www\edu1\ThinkPHP\Lib\Core\Dispatcher.class.php 第 132 行.
INFO: [ app_begin ] --START--
INFO: ReadHtmlCache Behavior ::run [ RunTime:0.000000s ]
INFO: [ app_begin ] --END-- [ RunTime:0.000000s ]
SQL: SHOW COLUMNS FROM `edu_users` [ RunTime:0.000000s ]
NOTIC: [2] preg_replace(): The /e modifier is no longer supported, use preg_replace_callback instead E:\PHP\wamp64\www\edu1\ThinkPHP\Lib\Core\Db.class.php 第 604 行.
SQL: SELECT * FROM `edu_users` WHERE ( `id` = 55 ) LIMIT 1   [ RunTime:0.002500s ]
NOTIC: [2] preg_replace(): The /e modifier is no longer supported, use preg_replace_callback instead E:\PHP\wamp64\www\edu1\ThinkPHP\Lib\Core\Db.class.php 第 604 行.
SQL: SELECT COUNT(*) AS tp_count FROM `edu_users` WHERE (  (`addtime` BETWEEN '1453310061' AND '1558539159' ) ) LIMIT 1   [ RunTime:0.000000s ]
SQL: SHOW COLUMNS FROM `edu_video` [ RunTime:0.000000s ]
NOTIC: [2] preg_replace(): The /e modifier is no longer supported, use preg_replace_callback instead E:\PHP\wamp64\www\edu1\ThinkPHP\Lib\Core\Db.class.php 第 604 行.
SQL: SELECT COUNT(*) AS tp_count FROM `edu_video` WHERE ( status=1 ) LIMIT 1   [ RunTime:0.000000s ]
SQL: SHOW COLUMNS FROM `edu_library` [ RunTime:0.002500s ]
NOTIC: [2] preg_replace(): The /e modifier is no longer supported, use preg_replace_callback instead E:\PHP\wamp64\www\edu1\ThinkPHP\Lib\Core\Db.class.php 第 604 行.
SQL: SELECT COUNT(*) AS tp_count FROM `edu_library` WHERE ( status=1 ) LIMIT 1   [ RunTime:0.000000s ]
SQL: SHOW COLUMNS FROM `edu_clicknum` [ RunTime:0.002500s ]
NOTIC: [2] preg_replace(): The /e modifier is no longer supported, use preg_replace_callback instead E:\PHP\wamp64\www\edu1\ThinkPHP\Lib\Core\Db.class.php 第 604 行.
SQL: SELECT * FROM `edu_clicknum` WHERE ( `id` = 1 ) LIMIT 1   [ RunTime:0.000000s ]
INFO: [ view_parse ] --START--
INFO: ParseTemplate Behavior ::run [ RunTime:0.062501s ]
INFO: [ view_parse ] --END-- [ RunTime:0.065001s ]
INFO: [ view_filter ] --START--
INFO: ContentReplace Behavior ::run [ RunTime:0.000000s ]
INFO: TokenBuild Behavior ::run [ RunTime:0.002500s ]
INFO: WriteHtmlCache Behavior ::run [ RunTime:0.002500s ]
INFO: ShowRuntime Behavior ::run [ RunTime:0.000000s ]
INFO: [ view_filter ] --END-- [ RunTime:0.005000s ]
INFO: [ view_end ] --START--
INFO: ShowPageTrace Behavior ::run [ RunTime:0.002500s ]
INFO: [ view_end ] --END-- [ RunTime:0.002500s ]

[ 2019-05-22T23:32:43+08:00 ] 0.0.0.0 /edu1/admin.php/Cat/index?_=1558539163362
INFO: [ route_check ] --START--
INFO: CheckRoute Behavior ::run [ RunTime:0.002500s ]
INFO: [ route_check ] --END-- [ RunTime:0.002500s ]
NOTIC: [2] preg_replace(): The /e modifier is no longer supported, use preg_replace_callback instead E:\PHP\wamp64\www\edu1\ThinkPHP\Lib\Core\Dispatcher.class.php 第 132 行.
INFO: [ app_begin ] --START--
INFO: ReadHtmlCache Behavior ::run [ RunTime:0.002500s ]
INFO: [ app_begin ] --END-- [ RunTime:0.002500s ]
SQL: SHOW COLUMNS FROM `edu_cat` [ RunTime:0.002500s ]
NOTIC: [2] preg_replace(): The /e modifier is no longer supported, use preg_replace_callback instead E:\PHP\wamp64\www\edu1\ThinkPHP\Lib\Core\Db.class.php 第 604 行.
SQL: SELECT COUNT(*) AS tp_count FROM `edu_cat` WHERE ( `pid` = '0' ) LIMIT 1   [ RunTime:0.000000s ]
NOTIC: [2] preg_replace(): The /e modifier is no longer supported, use preg_replace_callback instead E:\PHP\wamp64\www\edu1\ThinkPHP\Lib\Core\Db.class.php 第 604 行.
SQL: SELECT * FROM `edu_cat` WHERE ( `pid` = '0' ) ORDER BY id asc LIMIT 0,15   [ RunTime:0.000000s ]
SQL: SHOW COLUMNS FROM `edu_users` [ RunTime:0.002500s ]
NOTIC: [8] Undefined index: uid E:\PHP\wamp64\www\edu1\Admin\Lib\Action\CatAction.class.php 第 125 行.
NOTIC: [2] preg_replace(): The /e modifier is no longer supported, use preg_replace_callback instead E:\PHP\wamp64\www\edu1\ThinkPHP\Lib\Core\Db.class.php 第 604 行.
SQL: SELECT `username` FROM `edu_users` LIMIT 1   [ RunTime:0.000000s ]
NOTIC: [8] Undefined index: uid E:\PHP\wamp64\www\edu1\Admin\Lib\Action\CatAction.class.php 第 125 行.
NOTIC: [2] preg_replace(): The /e modifier is no longer supported, use preg_replace_callback instead E:\PHP\wamp64\www\edu1\ThinkPHP\Lib\Core\Db.class.php 第 604 行.
SQL: SELECT `username` FROM `edu_users` LIMIT 1   [ RunTime:0.000000s ]
NOTIC: [8] Undefined index: uid E:\PHP\wamp64\www\edu1\Admin\Lib\Action\CatAction.class.php 第 125 行.
NOTIC: [2] preg_replace(): The /e modifier is no longer supported, use preg_replace_callback instead E:\PHP\wamp64\www\edu1\ThinkPHP\Lib\Core\Db.class.php 第 604 行.
SQL: SELECT `username` FROM `edu_users` LIMIT 1   [ RunTime:0.000000s ]
NOTIC: [8] Undefined index: uid E:\PHP\wamp64\www\edu1\Admin\Lib\Action\CatAction.class.php 第 125 行.
NOTIC: [2] preg_replace(): The /e modifier is no longer supported, use preg_replace_callback instead E:\PHP\wamp64\www\edu1\ThinkPHP\Lib\Core\Db.class.php 第 604 行.
SQL: SELECT `username` FROM `edu_users` LIMIT 1   [ RunTime:0.000000s ]
NOTIC: [8] Undefined index: uid E:\PHP\wamp64\www\edu1\Admin\Lib\Action\CatAction.class.php 第 125 行.
NOTIC: [2] preg_replace(): The /e modifier is no longer supported, use preg_replace_callback instead E:\PHP\wamp64\www\edu1\ThinkPHP\Lib\Core\Db.class.php 第 604 行.
SQL: SELECT `username` FROM `edu_users` LIMIT 1   [ RunTime:0.000000s ]
NOTIC: [8] Undefined index: uid E:\PHP\wamp64\www\edu1\Admin\Lib\Action\CatAction.class.php 第 125 行.
NOTIC: [2] preg_replace(): The /e modifier is no longer supported, use preg_replace_callback instead E:\PHP\wamp64\www\edu1\ThinkPHP\Lib\Core\Db.class.php 第 604 行.
SQL: SELECT `username` FROM `edu_users` LIMIT 1   [ RunTime:0.000000s ]
NOTIC: [8] Undefined index: uid E:\PHP\wamp64\www\edu1\Admin\Lib\Action\CatAction.class.php 第 125 行.
NOTIC: [2] preg_replace(): The /e modifier is no longer supported, use preg_replace_callback instead E:\PHP\wamp64\www\edu1\ThinkPHP\Lib\Core\Db.class.php 第 604 行.
SQL: SELECT `username` FROM `edu_users` LIMIT 1   [ RunTime:0.000000s ]
NOTIC: [8] Undefined index: uid E:\PHP\wamp64\www\edu1\Admin\Lib\Action\CatAction.class.php 第 125 行.
NOTIC: [2] preg_replace(): The /e modifier is no longer supported, use preg_replace_callback instead E:\PHP\wamp64\www\edu1\ThinkPHP\Lib\Core\Db.class.php 第 604 行.
SQL: SELECT `username` FROM `edu_users` LIMIT 1   [ RunTime:0.000000s ]
NOTIC: [8] Undefined index: uid E:\PHP\wamp64\www\edu1\Admin\Lib\Action\CatAction.class.php 第 125 行.
NOTIC: [2] preg_replace(): The /e modifier is no longer supported, use preg_replace_callback instead E:\PHP\wamp64\www\edu1\ThinkPHP\Lib\Core\Db.class.php 第 604 行.
SQL: SELECT `username` FROM `edu_users` LIMIT 1   [ RunTime:0.002500s ]
NOTIC: [8] Undefined index: cid E:\PHP\wamp64\www\edu1\Admin\Lib\Action\CatAction.class.php 第 81 行.
NOTIC: [8] Undefined variable: search E:\PHP\wamp64\www\edu1\Admin\Lib\Action\CatAction.class.php 第 101 行.
NOTIC: [8] Undefined index: values E:\PHP\wamp64\www\edu1\Admin\Lib\Action\CatAction.class.php 第 102 行.
INFO: [ view_parse ] --START--
NOTIC: [8] Undefined index: _order E:\PHP\wamp64\www\edu1\Admin\Runtime\Cache\9b58476071dcf322d7a032b16e5bfba3e2c4a166.file.pagerForm.html.php 第 32 行.
NOTIC: [8] Undefined index: _sort E:\PHP\wamp64\www\edu1\Admin\Runtime\Cache\9b58476071dcf322d7a032b16e5bfba3e2c4a166.file.pagerForm.html.php 第 34 行.
NOTIC: [8] Undefined index: menu E:\PHP\wamp64\www\edu1\Admin\Runtime\Cache\d7064a106058fb5b4a68cbe3af83faa3c0c13d62.file.index.html.php 第 43 行.
NOTIC: [8] Trying to get property of non-object E:\PHP\wamp64\www\edu1\Admin\Runtime\Cache\d7064a106058fb5b4a68cbe3af83faa3c0c13d62.file.index.html.php 第 43 行.
NOTIC: [8] Undefined index: _sort E:\PHP\wamp64\www\edu1\Admin\Runtime\Cache\d7064a106058fb5b4a68cbe3af83faa3c0c13d62.file.index.html.php 第 71 行.
INFO: ParseTemplate Behavior ::run [ RunTime:0.075001s ]
INFO: [ view_parse ] --END-- [ RunTime:0.075001s ]
INFO: [ view_filter ] --START--
INFO: ContentReplace Behavior ::run [ RunTime:0.002500s ]
INFO: TokenBuild Behavior ::run [ RunTime:0.000000s ]
INFO: WriteHtmlCache Behavior ::run [ RunTime:0.000000s ]
INFO: ShowRuntime Behavior ::run [ RunTime:0.002500s ]
INFO: [ view_filter ] --END-- [ RunTime:0.005000s ]
INFO: [ view_end ] --START--
INFO: ShowPageTrace Behavior ::run [ RunTime:0.002500s ]
INFO: [ view_end ] --END-- [ RunTime:0.002500s ]

[ 2019-05-22T23:33:13+08:00 ] 0.0.0.0 /edu1/admin.php/Cat/add/navTabId/listcat/id/3?_=1558539193077
INFO: [ route_check ] --START--
INFO: CheckRoute Behavior ::run [ RunTime:0.002501s ]
INFO: [ route_check ] --END-- [ RunTime:0.002501s ]
NOTIC: [2] preg_replace(): The /e modifier is no longer supported, use preg_replace_callback instead E:\PHP\wamp64\www\edu1\ThinkPHP\Lib\Core\Dispatcher.class.php 第 132 行.
INFO: [ app_begin ] --START--
INFO: ReadHtmlCache Behavior ::run [ RunTime:0.000000s ]
INFO: [ app_begin ] --END-- [ RunTime:0.002500s ]
NOTIC: [8] Undefined index: id E:\PHP\wamp64\www\edu1\Admin\Lib\Action\CatAction.class.php 第 179 行.
SQL: SHOW COLUMNS FROM `edu_cat` [ RunTime:0.002500s ]
NOTIC: [2] preg_replace(): The /e modifier is no longer supported, use preg_replace_callback instead E:\PHP\wamp64\www\edu1\ThinkPHP\Lib\Core\Db.class.php 第 604 行.
SQL: SELECT `id`,`name`,`path` FROM `edu_cat` ORDER BY concat(path,id)  [ RunTime:0.000000s ]
INFO: [ view_parse ] --START--
INFO: ParseTemplate Behavior ::run [ RunTime:0.025000s ]
INFO: [ view_parse ] --END-- [ RunTime:0.025000s ]
INFO: [ view_filter ] --START--
INFO: ContentReplace Behavior ::run [ RunTime:0.002500s ]
INFO: TokenBuild Behavior ::run [ RunTime:0.000000s ]
INFO: WriteHtmlCache Behavior ::run [ RunTime:0.000000s ]
INFO: ShowRuntime Behavior ::run [ RunTime:0.002500s ]
INFO: [ view_filter ] --END-- [ RunTime:0.005000s ]
INFO: [ view_end ] --START--
INFO: ShowPageTrace Behavior ::run [ RunTime:0.000000s ]
INFO: [ view_end ] --END-- [ RunTime:0.000000s ]

[ 2019-05-22T23:33:16+08:00 ] 0.0.0.0 /edu1/admin.php/Cat/add/navTabId/listcat/id/3?_=1558539196360
INFO: [ route_check ] --START--
INFO: CheckRoute Behavior ::run [ RunTime:0.002500s ]
INFO: [ route_check ] --END-- [ RunTime:0.002500s ]
NOTIC: [2] preg_replace(): The /e modifier is no longer supported, use preg_replace_callback instead E:\PHP\wamp64\www\edu1\ThinkPHP\Lib\Core\Dispatcher.class.php 第 132 行.
INFO: [ app_begin ] --START--
INFO: ReadHtmlCache Behavior ::run [ RunTime:0.002500s ]
INFO: [ app_begin ] --END-- [ RunTime:0.002500s ]
NOTIC: [8] Undefined index: id E:\PHP\wamp64\www\edu1\Admin\Lib\Action\CatAction.class.php 第 179 行.
SQL: SHOW COLUMNS FROM `edu_cat` [ RunTime:0.002500s ]
NOTIC: [2] preg_replace(): The /e modifier is no longer supported, use preg_replace_callback instead E:\PHP\wamp64\www\edu1\ThinkPHP\Lib\Core\Db.class.php 第 604 行.
SQL: SELECT `id`,`name`,`path` FROM `edu_cat` ORDER BY concat(path,id)  [ RunTime:0.000000s ]
INFO: [ view_parse ] --START--
INFO: ParseTemplate Behavior ::run [ RunTime:0.020000s ]
INFO: [ view_parse ] --END-- [ RunTime:0.020000s ]
INFO: [ view_filter ] --START--
INFO: ContentReplace Behavior ::run [ RunTime:0.002500s ]
INFO: TokenBuild Behavior ::run [ RunTime:0.000000s ]
INFO: WriteHtmlCache Behavior ::run [ RunTime:0.002500s ]
INFO: ShowRuntime Behavior ::run [ RunTime:0.000000s ]
INFO: [ view_filter ] --END-- [ RunTime:0.005000s ]
INFO: [ view_end ] --START--
INFO: ShowPageTrace Behavior ::run [ RunTime:0.002500s ]
INFO: [ view_end ] --END-- [ RunTime:0.002500s ]

[ 2019-05-22T23:33:24+08:00 ] 0.0.0.0 /edu1/admin.php/Cat/index/cid/6?_=1558539204651
INFO: [ route_check ] --START--
INFO: CheckRoute Behavior ::run [ RunTime:0.002500s ]
INFO: [ route_check ] --END-- [ RunTime:0.002500s ]
NOTIC: [2] preg_replace(): The /e modifier is no longer supported, use preg_replace_callback instead E:\PHP\wamp64\www\edu1\ThinkPHP\Lib\Core\Dispatcher.class.php 第 132 行.
INFO: [ app_begin ] --START--
INFO: ReadHtmlCache Behavior ::run [ RunTime:0.002500s ]
INFO: [ app_begin ] --END-- [ RunTime:0.002500s ]
SQL: SHOW COLUMNS FROM `edu_cat` [ RunTime:0.000000s ]
NOTIC: [2] preg_replace(): The /e modifier is no longer supported, use preg_replace_callback instead E:\PHP\wamp64\www\edu1\ThinkPHP\Lib\Core\Db.class.php 第 604 行.
SQL: SELECT COUNT(*) AS tp_count FROM `edu_cat` WHERE ( `pid` = '0' ) LIMIT 1   [ RunTime:0.000000s ]
NOTIC: [2] preg_replace(): The /e modifier is no longer supported, use preg_replace_callback instead E:\PHP\wamp64\www\edu1\ThinkPHP\Lib\Core\Db.class.php 第 604 行.
SQL: SELECT * FROM `edu_cat` WHERE ( `pid` = '0' ) ORDER BY id asc LIMIT 0,15   [ RunTime:0.002500s ]
SQL: SHOW COLUMNS FROM `edu_users` [ RunTime:0.002500s ]
NOTIC: [8] Undefined index: uid E:\PHP\wamp64\www\edu1\Admin\Lib\Action\CatAction.class.php 第 125 行.
NOTIC: [2] preg_replace(): The /e modifier is no longer supported, use preg_replace_callback instead E:\PHP\wamp64\www\edu1\ThinkPHP\Lib\Core\Db.class.php 第 604 行.
SQL: SELECT `username` FROM `edu_users` LIMIT 1   [ RunTime:0.000000s ]
NOTIC: [8] Undefined index: uid E:\PHP\wamp64\www\edu1\Admin\Lib\Action\CatAction.class.php 第 125 行.
NOTIC: [2] preg_replace(): The /e modifier is no longer supported, use preg_replace_callback instead E:\PHP\wamp64\www\edu1\ThinkPHP\Lib\Core\Db.class.php 第 604 行.
SQL: SELECT `username` FROM `edu_users` LIMIT 1   [ RunTime:0.002500s ]
NOTIC: [8] Undefined index: uid E:\PHP\wamp64\www\edu1\Admin\Lib\Action\CatAction.class.php 第 125 行.
NOTIC: [2] preg_replace(): The /e modifier is no longer supported, use preg_replace_callback instead E:\PHP\wamp64\www\edu1\ThinkPHP\Lib\Core\Db.class.php 第 604 行.
SQL: SELECT `username` FROM `edu_users` LIMIT 1   [ RunTime:0.000000s ]
NOTIC: [8] Undefined index: uid E:\PHP\wamp64\www\edu1\Admin\Lib\Action\CatAction.class.php 第 125 行.
NOTIC: [2] preg_replace(): The /e modifier is no longer supported, use preg_replace_callback instead E:\PHP\wamp64\www\edu1\ThinkPHP\Lib\Core\Db.class.php 第 604 行.
SQL: SELECT `username` FROM `edu_users` LIMIT 1   [ RunTime:0.000000s ]
NOTIC: [8] Undefined index: uid E:\PHP\wamp64\www\edu1\Admin\Lib\Action\CatAction.class.php 第 125 行.
NOTIC: [2] preg_replace(): The /e modifier is no longer supported, use preg_replace_callback instead E:\PHP\wamp64\www\edu1\ThinkPHP\Lib\Core\Db.class.php 第 604 行.
SQL: SELECT `username` FROM `edu_users` LIMIT 1   [ RunTime:0.000000s ]
NOTIC: [8] Undefined index: uid E:\PHP\wamp64\www\edu1\Admin\Lib\Action\CatAction.class.php 第 125 行.
NOTIC: [2] preg_replace(): The /e modifier is no longer supported, use preg_replace_callback instead E:\PHP\wamp64\www\edu1\ThinkPHP\Lib\Core\Db.class.php 第 604 行.
SQL: SELECT `username` FROM `edu_users` LIMIT 1   [ RunTime:0.000000s ]
NOTIC: [8] Undefined index: uid E:\PHP\wamp64\www\edu1\Admin\Lib\Action\CatAction.class.php 第 125 行.
NOTIC: [2] preg_replace(): The /e modifier is no longer supported, use preg_replace_callback instead E:\PHP\wamp64\www\edu1\ThinkPHP\Lib\Core\Db.class.php 第 604 行.
SQL: SELECT `username` FROM `edu_users` LIMIT 1   [ RunTime:0.002500s ]
NOTIC: [8] Undefined index: uid E:\PHP\wamp64\www\edu1\Admin\Lib\Action\CatAction.class.php 第 125 行.
NOTIC: [2] preg_replace(): The /e modifier is no longer supported, use preg_replace_callback instead E:\PHP\wamp64\www\edu1\ThinkPHP\Lib\Core\Db.class.php 第 604 行.
SQL: SELECT `username` FROM `edu_users` LIMIT 1   [ RunTime:0.000000s ]
NOTIC: [8] Undefined index: uid E:\PHP\wamp64\www\edu1\Admin\Lib\Action\CatAction.class.php 第 125 行.
NOTIC: [2] preg_replace(): The /e modifier is no longer supported, use preg_replace_callback instead E:\PHP\wamp64\www\edu1\ThinkPHP\Lib\Core\Db.class.php 第 604 行.
SQL: SELECT `username` FROM `edu_users` LIMIT 1   [ RunTime:0.002500s ]
NOTIC: [8] Undefined index: cid E:\PHP\wamp64\www\edu1\Admin\Lib\Action\CatAction.class.php 第 81 行.
NOTIC: [8] Undefined variable: search E:\PHP\wamp64\www\edu1\Admin\Lib\Action\CatAction.class.php 第 101 行.
NOTIC: [8] Undefined index: values E:\PHP\wamp64\www\edu1\Admin\Lib\Action\CatAction.class.php 第 102 行.
INFO: [ view_parse ] --START--
NOTIC: [8] Undefined index: _order E:\PHP\wamp64\www\edu1\Admin\Runtime\Cache\9b58476071dcf322d7a032b16e5bfba3e2c4a166.file.pagerForm.html.php 第 32 行.
NOTIC: [8] Undefined index: _sort E:\PHP\wamp64\www\edu1\Admin\Runtime\Cache\9b58476071dcf322d7a032b16e5bfba3e2c4a166.file.pagerForm.html.php 第 34 行.
NOTIC: [8] Undefined index: menu E:\PHP\wamp64\www\edu1\Admin\Runtime\Cache\d7064a106058fb5b4a68cbe3af83faa3c0c13d62.file.index.html.php 第 43 行.
NOTIC: [8] Trying to get property of non-object E:\PHP\wamp64\www\edu1\Admin\Runtime\Cache\d7064a106058fb5b4a68cbe3af83faa3c0c13d62.file.index.html.php 第 43 行.
NOTIC: [8] Undefined index: _sort E:\PHP\wamp64\www\edu1\Admin\Runtime\Cache\d7064a106058fb5b4a68cbe3af83faa3c0c13d62.file.index.html.php 第 71 行.
INFO: ParseTemplate Behavior ::run [ RunTime:0.030000s ]
INFO: [ view_parse ] --END-- [ RunTime:0.030000s ]
INFO: [ view_filter ] --START--
INFO: ContentReplace Behavior ::run [ RunTime:0.002500s ]
INFO: TokenBuild Behavior ::run [ RunTime:0.002501s ]
INFO: WriteHtmlCache Behavior ::run [ RunTime:0.000000s ]
INFO: ShowRuntime Behavior ::run [ RunTime:0.002500s ]
INFO: [ view_filter ] --END-- [ RunTime:0.007501s ]
INFO: [ view_end ] --START--
INFO: ShowPageTrace Behavior ::run [ RunTime:0.002500s ]
INFO: [ view_end ] --END-- [ RunTime:0.002500s ]

[ 2019-05-22T23:33:26+08:00 ] 0.0.0.0 /edu1/admin.php/Cat/index/cid/7?_=1558539206010
INFO: [ route_check ] --START--
INFO: CheckRoute Behavior ::run [ RunTime:0.002500s ]
INFO: [ route_check ] --END-- [ RunTime:0.002500s ]
NOTIC: [2] preg_replace(): The /e modifier is no longer supported, use preg_replace_callback instead E:\PHP\wamp64\www\edu1\ThinkPHP\Lib\Core\Dispatcher.class.php 第 132 行.
INFO: [ app_begin ] --START--
INFO: ReadHtmlCache Behavior ::run [ RunTime:0.002500s ]
INFO: [ app_begin ] --END-- [ RunTime:0.002500s ]
SQL: SHOW COLUMNS FROM `edu_cat` [ RunTime:0.002500s ]
NOTIC: [2] preg_replace(): The /e modifier is no longer supported, use preg_replace_callback instead E:\PHP\wamp64\www\edu1\ThinkPHP\Lib\Core\Db.class.php 第 604 行.
SQL: SELECT COUNT(*) AS tp_count FROM `edu_cat` WHERE ( `pid` = '0' ) LIMIT 1   [ RunTime:0.000000s ]
NOTIC: [2] preg_replace(): The /e modifier is no longer supported, use preg_replace_callback instead E:\PHP\wamp64\www\edu1\ThinkPHP\Lib\Core\Db.class.php 第 604 行.
SQL: SELECT * FROM `edu_cat` WHERE ( `pid` = '0' ) ORDER BY id asc LIMIT 0,15   [ RunTime:0.002500s ]
SQL: SHOW COLUMNS FROM `edu_users` [ RunTime:0.000000s ]
NOTIC: [8] Undefined index: uid E:\PHP\wamp64\www\edu1\Admin\Lib\Action\CatAction.class.php 第 125 行.
NOTIC: [2] preg_replace(): The /e modifier is no longer supported, use preg_replace_callback instead E:\PHP\wamp64\www\edu1\ThinkPHP\Lib\Core\Db.class.php 第 604 行.
SQL: SELECT `username` FROM `edu_users` LIMIT 1   [ RunTime:0.000000s ]
NOTIC: [8] Undefined index: uid E:\PHP\wamp64\www\edu1\Admin\Lib\Action\CatAction.class.php 第 125 行.
NOTIC: [2] preg_replace(): The /e modifier is no longer supported, use preg_replace_callback instead E:\PHP\wamp64\www\edu1\ThinkPHP\Lib\Core\Db.class.php 第 604 行.
SQL: SELECT `username` FROM `edu_users` LIMIT 1   [ RunTime:0.000000s ]
NOTIC: [8] Undefined index: uid E:\PHP\wamp64\www\edu1\Admin\Lib\Action\CatAction.class.php 第 125 行.
NOTIC: [2] preg_replace(): The /e modifier is no longer supported, use preg_replace_callback instead E:\PHP\wamp64\www\edu1\ThinkPHP\Lib\Core\Db.class.php 第 604 行.
SQL: SELECT `username` FROM `edu_users` LIMIT 1   [ RunTime:0.002500s ]
NOTIC: [8] Undefined index: uid E:\PHP\wamp64\www\edu1\Admin\Lib\Action\CatAction.class.php 第 125 行.
NOTIC: [2] preg_replace(): The /e modifier is no longer supported, use preg_replace_callback instead E:\PHP\wamp64\www\edu1\ThinkPHP\Lib\Core\Db.class.php 第 604 行.
SQL: SELECT `username` FROM `edu_users` LIMIT 1   [ RunTime:0.000000s ]
NOTIC: [8] Undefined index: uid E:\PHP\wamp64\www\edu1\Admin\Lib\Action\CatAction.class.php 第 125 行.
NOTIC: [2] preg_replace(): The /e modifier is no longer supported, use preg_replace_callback instead E:\PHP\wamp64\www\edu1\ThinkPHP\Lib\Core\Db.class.php 第 604 行.
SQL: SELECT `username` FROM `edu_users` LIMIT 1   [ RunTime:0.000000s ]
NOTIC: [8] Undefined index: uid E:\PHP\wamp64\www\edu1\Admin\Lib\Action\CatAction.class.php 第 125 行.
NOTIC: [2] preg_replace(): The /e modifier is no longer supported, use preg_replace_callback instead E:\PHP\wamp64\www\edu1\ThinkPHP\Lib\Core\Db.class.php 第 604 行.
SQL: SELECT `username` FROM `edu_users` LIMIT 1   [ RunTime:0.002500s ]
NOTIC: [8] Undefined index: uid E:\PHP\wamp64\www\edu1\Admin\Lib\Action\CatAction.class.php 第 125 行.
NOTIC: [2] preg_replace(): The /e modifier is no longer supported, use preg_replace_callback instead E:\PHP\wamp64\www\edu1\ThinkPHP\Lib\Core\Db.class.php 第 604 行.
SQL: SELECT `username` FROM `edu_users` LIMIT 1   [ RunTime:0.000000s ]
NOTIC: [8] Undefined index: uid E:\PHP\wamp64\www\edu1\Admin\Lib\Action\CatAction.class.php 第 125 行.
NOTIC: [2] preg_replace(): The /e modifier is no longer supported, use preg_replace_callback instead E:\PHP\wamp64\www\edu1\ThinkPHP\Lib\Core\Db.class.php 第 604 行.
SQL: SELECT `username` FROM `edu_users` LIMIT 1   [ RunTime:0.000000s ]
NOTIC: [8] Undefined index: uid E:\PHP\wamp64\www\edu1\Admin\Lib\Action\CatAction.class.php 第 125 行.
NOTIC: [2] preg_replace(): The /e modifier is no longer supported, use preg_replace_callback instead E:\PHP\wamp64\www\edu1\ThinkPHP\Lib\Core\Db.class.php 第 604 行.
SQL: SELECT `username` FROM `edu_users` LIMIT 1   [ RunTime:0.002500s ]
NOTIC: [8] Undefined index: cid E:\PHP\wamp64\www\edu1\Admin\Lib\Action\CatAction.class.php 第 81 行.
NOTIC: [8] Undefined variable: search E:\PHP\wamp64\www\edu1\Admin\Lib\Action\CatAction.class.php 第 101 行.
NOTIC: [8] Undefined index: values E:\PHP\wamp64\www\edu1\Admin\Lib\Action\CatAction.class.php 第 102 行.
INFO: [ view_parse ] --START--
NOTIC: [8] Undefined index: _order E:\PHP\wamp64\www\edu1\Admin\Runtime\Cache\9b58476071dcf322d7a032b16e5bfba3e2c4a166.file.pagerForm.html.php 第 32 行.
NOTIC: [8] Undefined index: _sort E:\PHP\wamp64\www\edu1\Admin\Runtime\Cache\9b58476071dcf322d7a032b16e5bfba3e2c4a166.file.pagerForm.html.php 第 34 行.
NOTIC: [8] Undefined index: menu E:\PHP\wamp64\www\edu1\Admin\Runtime\Cache\d7064a106058fb5b4a68cbe3af83faa3c0c13d62.file.index.html.php 第 43 行.
NOTIC: [8] Trying to get property of non-object E:\PHP\wamp64\www\edu1\Admin\Runtime\Cache\d7064a106058fb5b4a68cbe3af83faa3c0c13d62.file.index.html.php 第 43 行.
NOTIC: [8] Undefined index: _sort E:\PHP\wamp64\www\edu1\Admin\Runtime\Cache\d7064a106058fb5b4a68cbe3af83faa3c0c13d62.file.index.html.php 第 71 行.
INFO: ParseTemplate Behavior ::run [ RunTime:0.027500s ]
INFO: [ view_parse ] --END-- [ RunTime:0.027500s ]
INFO: [ view_filter ] --START--
INFO: ContentReplace Behavior ::run [ RunTime:0.002500s ]
INFO: TokenBuild Behavior ::run [ RunTime:0.002500s ]
INFO: WriteHtmlCache Behavior ::run [ RunTime:0.000000s ]
INFO: ShowRuntime Behavior ::run [ RunTime:0.002500s ]
INFO: [ view_filter ] --END-- [ RunTime:0.007500s ]
INFO: [ view_end ] --START--
INFO: ShowPageTrace Behavior ::run [ RunTime:0.002500s ]
INFO: [ view_end ] --END-- [ RunTime:0.002500s ]

