[ 2019-05-23T01:33:44+08:00 ] 127.0.0.1 /edu1/admin.php/
INFO: [ route_check ] --START--
INFO: CheckRoute Behavior ::run [ RunTime:0.000000s ]
INFO: [ route_check ] --END-- [ RunTime:0.002500s ]
INFO: [ app_begin ] --START--
INFO: ReadHtmlCache Behavior ::run [ RunTime:0.002500s ]
INFO: [ app_begin ] --END-- [ RunTime:0.002500s ]

[ 2019-05-23T01:33:44+08:00 ] 127.0.0.1 /edu1/admin.php/Public/login.html
INFO: [ route_check ] --START--
INFO: CheckRoute Behavior ::run [ RunTime:0.002500s ]
INFO: [ route_check ] --END-- [ RunTime:0.002500s ]
NOTIC: [2] preg_replace(): The /e modifier is no longer supported, use preg_replace_callback instead E:\PHP\wamp64\www\edu1\ThinkPHP\Lib\Core\Dispatcher.class.php 第 132 行.
INFO: [ app_begin ] --START--
INFO: ReadHtmlCache Behavior ::run [ RunTime:0.000000s ]
INFO: [ app_begin ] --END-- [ RunTime:0.000000s ]
INFO: [ view_parse ] --START--
NOTIC: [8] Undefined index: errorinfo E:\PHP\wamp64\www\edu1\Admin\Runtime\Cache\754afcf016435756ef11c645ae70896ba2ab8d15.file.login.html.php 第 74 行.
NOTIC: [8] Trying to get property of non-object E:\PHP\wamp64\www\edu1\Admin\Runtime\Cache\754afcf016435756ef11c645ae70896ba2ab8d15.file.login.html.php 第 74 行.
INFO: ParseTemplate Behavior ::run [ RunTime:0.025000s ]
INFO: [ view_parse ] --END-- [ RunTime:0.025000s ]
INFO: [ view_filter ] --START--
INFO: ContentReplace Behavior ::run [ RunTime:0.000000s ]
INFO: TokenBuild Behavior ::run [ RunTime:0.002500s ]
INFO: WriteHtmlCache Behavior ::run [ RunTime:0.000000s ]
INFO: ShowRuntime Behavior ::run [ RunTime:0.002500s ]
INFO: [ view_filter ] --END-- [ RunTime:0.005000s ]
INFO: [ view_end ] --START--
INFO: ShowPageTrace Behavior ::run [ RunTime:0.002500s ]
INFO: [ view_end ] --END-- [ RunTime:0.002500s ]

[ 2019-05-23T01:33:46+08:00 ] 127.0.0.1 /edu1/admin.php/Public/verify/
INFO: [ route_check ] --START--
INFO: CheckRoute Behavior ::run [ RunTime:0.002500s ]
INFO: [ route_check ] --END-- [ RunTime:0.002500s ]
NOTIC: [2] preg_replace(): The /e modifier is no longer supported, use preg_replace_callback instead E:\PHP\wamp64\www\edu1\ThinkPHP\Lib\Core\Dispatcher.class.php 第 132 行.
INFO: [ app_begin ] --START--
INFO: ReadHtmlCache Behavior ::run [ RunTime:0.002500s ]
INFO: [ app_begin ] --END-- [ RunTime:0.002500s ]

[ 2019-05-23T01:34:26+08:00 ] 127.0.0.1 /edu1/admin.php/Public/checkLogin
INFO: [ route_check ] --START--
INFO: CheckRoute Behavior ::run [ RunTime:0.000000s ]
INFO: [ route_check ] --END-- [ RunTime:0.000000s ]
NOTIC: [2] preg_replace(): The /e modifier is no longer supported, use preg_replace_callback instead E:\PHP\wamp64\www\edu1\ThinkPHP\Lib\Core\Dispatcher.class.php 第 132 行.
INFO: [ app_begin ] --START--
INFO: ReadHtmlCache Behavior ::run [ RunTime:0.002500s ]
INFO: [ app_begin ] --END-- [ RunTime:0.002500s ]
SQL: SHOW COLUMNS FROM `edu_users` [ RunTime:0.002500s ]
NOTIC: [2] preg_replace(): The /e modifier is no longer supported, use preg_replace_callback instead E:\PHP\wamp64\www\edu1\ThinkPHP\Lib\Core\Db.class.php 第 604 行.
SQL: SELECT * FROM `edu_users` WHERE ( username = 'admin' ) LIMIT 1   [ RunTime:0.000000s ]
NOTIC: [2] preg_replace(): The /e modifier is no longer supported, use preg_replace_callback instead E:\PHP\wamp64\www\edu1\ThinkPHP\Lib\Core\Db.class.php 第 604 行.
SQL: SELECT * FROM `edu_users` WHERE ( `id` = 55 ) LIMIT 1   [ RunTime:0.000000s ]
SQL: UPDATE `edu_users` SET `username`='admin',`userpass`='21232f297a57a5a743894a0e4a801fc3',`name`='管理员',`sex`=1,`age`=22,`email`='admin@admin.com',`class`='74',`picture`='530e9f9d3b45b.jpg',`level`=10,`point`=999,`addtime`=1393430863,`introduce`='无',`logintime`=1453208448,`logouttime`=1453310061,`loginnum`=39 WHERE ( `id` = 55 ) [ RunTime:0.002500s ]
SQL: select n.mname,n.aname from edu_userrole ur,edu_role_node rn,edu_node n where ur.rid=rn.rid and rn.nid=n.id and ur.uid=55 [ RunTime:0.000000s ]
SQL: SHOW COLUMNS FROM `edu_userrole` [ RunTime:0.000000s ]
NOTIC: [2] preg_replace(): The /e modifier is no longer supported, use preg_replace_callback instead E:\PHP\wamp64\www\edu1\ThinkPHP\Lib\Core\Db.class.php 第 604 行.
SQL: SELECT * FROM `edu_userrole` WHERE ( uid='55' )  [ RunTime:0.002500s ]

[ 2019-05-23T01:34:26+08:00 ] 127.0.0.1 /edu1/admin.php/Index/index.html
INFO: [ route_check ] --START--
INFO: CheckRoute Behavior ::run [ RunTime:0.000000s ]
INFO: [ route_check ] --END-- [ RunTime:0.000000s ]
NOTIC: [2] preg_replace(): The /e modifier is no longer supported, use preg_replace_callback instead E:\PHP\wamp64\www\edu1\ThinkPHP\Lib\Core\Dispatcher.class.php 第 132 行.
INFO: [ app_begin ] --START--
INFO: ReadHtmlCache Behavior ::run [ RunTime:0.002500s ]
INFO: [ app_begin ] --END-- [ RunTime:0.002500s ]
SQL: SHOW COLUMNS FROM `edu_users` [ RunTime:0.000000s ]
NOTIC: [2] preg_replace(): The /e modifier is no longer supported, use preg_replace_callback instead E:\PHP\wamp64\www\edu1\ThinkPHP\Lib\Core\Db.class.php 第 604 行.
SQL: SELECT * FROM `edu_users` WHERE ( `id` = 55 ) LIMIT 1   [ RunTime:0.000000s ]
NOTIC: [2] preg_replace(): The /e modifier is no longer supported, use preg_replace_callback instead E:\PHP\wamp64\www\edu1\ThinkPHP\Lib\Core\Db.class.php 第 604 行.
SQL: SELECT COUNT(*) AS tp_count FROM `edu_users` WHERE (  (`addtime` BETWEEN '1453310061' AND '1558546466' ) ) LIMIT 1   [ RunTime:0.000000s ]
SQL: SHOW COLUMNS FROM `edu_video` [ RunTime:0.000000s ]
NOTIC: [2] preg_replace(): The /e modifier is no longer supported, use preg_replace_callback instead E:\PHP\wamp64\www\edu1\ThinkPHP\Lib\Core\Db.class.php 第 604 行.
SQL: SELECT COUNT(*) AS tp_count FROM `edu_video` WHERE ( status=1 ) LIMIT 1   [ RunTime:0.002500s ]
SQL: SHOW COLUMNS FROM `edu_library` [ RunTime:0.000000s ]
NOTIC: [2] preg_replace(): The /e modifier is no longer supported, use preg_replace_callback instead E:\PHP\wamp64\www\edu1\ThinkPHP\Lib\Core\Db.class.php 第 604 行.
SQL: SELECT COUNT(*) AS tp_count FROM `edu_library` WHERE ( status=1 ) LIMIT 1   [ RunTime:0.002500s ]
SQL: SHOW COLUMNS FROM `edu_clicknum` [ RunTime:0.000000s ]
NOTIC: [2] preg_replace(): The /e modifier is no longer supported, use preg_replace_callback instead E:\PHP\wamp64\www\edu1\ThinkPHP\Lib\Core\Db.class.php 第 604 行.
SQL: SELECT * FROM `edu_clicknum` WHERE ( `id` = 1 ) LIMIT 1   [ RunTime:0.000000s ]
INFO: [ view_parse ] --START--
INFO: ParseTemplate Behavior ::run [ RunTime:0.017501s ]
INFO: [ view_parse ] --END-- [ RunTime:0.017501s ]
INFO: [ view_filter ] --START--
INFO: ContentReplace Behavior ::run [ RunTime:0.002500s ]
INFO: TokenBuild Behavior ::run [ RunTime:0.000000s ]
INFO: WriteHtmlCache Behavior ::run [ RunTime:0.000000s ]
INFO: ShowRuntime Behavior ::run [ RunTime:0.002500s ]
INFO: [ view_filter ] --END-- [ RunTime:0.005000s ]
INFO: [ view_end ] --START--
INFO: ShowPageTrace Behavior ::run [ RunTime:0.000000s ]
INFO: [ view_end ] --END-- [ RunTime:0.000000s ]

[ 2019-05-23T01:35:40+08:00 ] 127.0.0.1 /edu1/admin.php/Users/index?_=1558546539817
INFO: [ route_check ] --START--
INFO: CheckRoute Behavior ::run [ RunTime:0.002500s ]
INFO: [ route_check ] --END-- [ RunTime:0.002500s ]
NOTIC: [2] preg_replace(): The /e modifier is no longer supported, use preg_replace_callback instead E:\PHP\wamp64\www\edu1\ThinkPHP\Lib\Core\Dispatcher.class.php 第 132 行.
INFO: [ app_begin ] --START--
INFO: ReadHtmlCache Behavior ::run [ RunTime:0.002500s ]
INFO: [ app_begin ] --END-- [ RunTime:0.002500s ]
NOTIC: [2] preg_replace(): The /e modifier is no longer supported, use preg_replace_callback instead E:\PHP\wamp64\www\edu1\ThinkPHP\Lib\Core\Db.class.php 第 604 行.
SQL: SELECT COUNT(*) AS tp_count FROM `edu_users` LIMIT 1   [ RunTime:0.002500s ]
NOTIC: [2] preg_replace(): The /e modifier is no longer supported, use preg_replace_callback instead E:\PHP\wamp64\www\edu1\ThinkPHP\Lib\Core\Db.class.php 第 604 行.
SQL: SELECT * FROM `edu_users` ORDER BY id desc LIMIT 0,10   [ RunTime:0.002500s ]
NOTIC: [8] Undefined variable: search E:\PHP\wamp64\www\edu1\Admin\Lib\Action\CommonAction.class.php 第 310 行.
NOTIC: [8] Undefined index: values E:\PHP\wamp64\www\edu1\Admin\Lib\Action\CommonAction.class.php 第 311 行.
NOTIC: [8] Undefined index: id E:\PHP\wamp64\www\edu1\Admin\Lib\Action\CatAction.class.php 第 179 行.
SQL: SHOW COLUMNS FROM `edu_cat` [ RunTime:0.002500s ]
NOTIC: [2] preg_replace(): The /e modifier is no longer supported, use preg_replace_callback instead E:\PHP\wamp64\www\edu1\ThinkPHP\Lib\Core\Db.class.php 第 604 行.
SQL: SELECT `id`,`name`,`path` FROM `edu_cat` ORDER BY concat(path,id)  [ RunTime:0.002500s ]
INFO: [ view_parse ] --START--
NOTIC: [8] Undefined index: _order E:\PHP\wamp64\www\edu1\Admin\Runtime\Cache\9b58476071dcf322d7a032b16e5bfba3e2c4a166.file.pagerForm.html.php 第 32 行.
NOTIC: [8] Undefined index: _sort E:\PHP\wamp64\www\edu1\Admin\Runtime\Cache\9b58476071dcf322d7a032b16e5bfba3e2c4a166.file.pagerForm.html.php 第 34 行.
NOTIC: [8] Undefined index: username E:\PHP\wamp64\www\edu1\Admin\Runtime\Cache\837fee60bdf7e913281f29dca31b23be38bc311f.file.index.html.php 第 45 行.
NOTIC: [8] Undefined index: _sort E:\PHP\wamp64\www\edu1\Admin\Runtime\Cache\837fee60bdf7e913281f29dca31b23be38bc311f.file.index.html.php 第 72 行.
INFO: ParseTemplate Behavior ::run [ RunTime:0.052501s ]
INFO: [ view_parse ] --END-- [ RunTime:0.052501s ]
INFO: [ view_filter ] --START--
INFO: ContentReplace Behavior ::run [ RunTime:0.000000s ]
INFO: TokenBuild Behavior ::run [ RunTime:0.000000s ]
INFO: WriteHtmlCache Behavior ::run [ RunTime:0.000000s ]
INFO: ShowRuntime Behavior ::run [ RunTime:0.002500s ]
INFO: [ view_filter ] --END-- [ RunTime:0.002500s ]
INFO: [ view_end ] --START--
INFO: ShowPageTrace Behavior ::run [ RunTime:0.000000s ]
INFO: [ view_end ] --END-- [ RunTime:0.000000s ]

[ 2019-05-23T01:36:36+08:00 ] 127.0.0.1 /edu1/admin.php/Library/index?_=1558546595954
INFO: [ route_check ] --START--
INFO: CheckRoute Behavior ::run [ RunTime:0.002500s ]
INFO: [ route_check ] --END-- [ RunTime:0.002500s ]
NOTIC: [2] preg_replace(): The /e modifier is no longer supported, use preg_replace_callback instead E:\PHP\wamp64\www\edu1\ThinkPHP\Lib\Core\Dispatcher.class.php 第 132 行.
INFO: [ app_begin ] --START--
INFO: ReadHtmlCache Behavior ::run [ RunTime:0.002500s ]
INFO: [ app_begin ] --END-- [ RunTime:0.002500s ]
NOTIC: [2] preg_replace(): The /e modifier is no longer supported, use preg_replace_callback instead E:\PHP\wamp64\www\edu1\ThinkPHP\Lib\Core\Db.class.php 第 604 行.
SQL: SELECT COUNT(*) AS tp_count FROM `edu_library` LIMIT 1   [ RunTime:0.002500s ]
NOTIC: [2] preg_replace(): The /e modifier is no longer supported, use preg_replace_callback instead E:\PHP\wamp64\www\edu1\ThinkPHP\Lib\Core\Db.class.php 第 604 行.
SQL: SELECT * FROM `edu_library` ORDER BY id desc LIMIT 0,10   [ RunTime:0.000000s ]
SQL: SHOW COLUMNS FROM `edu_users` [ RunTime:0.000000s ]
SQL: SHOW COLUMNS FROM `edu_cat` [ RunTime:0.000000s ]
NOTIC: [2] preg_replace(): The /e modifier is no longer supported, use preg_replace_callback instead E:\PHP\wamp64\www\edu1\ThinkPHP\Lib\Core\Db.class.php 第 604 行.
SQL: SELECT `username` FROM `edu_users` WHERE ( `id` = 95 ) LIMIT 1   [ RunTime:0.002500s ]
NOTIC: [2] preg_replace(): The /e modifier is no longer supported, use preg_replace_callback instead E:\PHP\wamp64\www\edu1\ThinkPHP\Lib\Core\Db.class.php 第 604 行.
SQL: SELECT `name` FROM `edu_cat` WHERE ( `id` = 8 ) LIMIT 1   [ RunTime:0.000000s ]
NOTIC: [2] preg_replace(): The /e modifier is no longer supported, use preg_replace_callback instead E:\PHP\wamp64\www\edu1\ThinkPHP\Lib\Core\Db.class.php 第 604 行.
SQL: SELECT `username` FROM `edu_users` WHERE ( `id` = 95 ) LIMIT 1   [ RunTime:0.000000s ]
NOTIC: [2] preg_replace(): The /e modifier is no longer supported, use preg_replace_callback instead E:\PHP\wamp64\www\edu1\ThinkPHP\Lib\Core\Db.class.php 第 604 行.
SQL: SELECT `name` FROM `edu_cat` WHERE ( `id` = 8 ) LIMIT 1   [ RunTime:0.000000s ]
NOTIC: [2] preg_replace(): The /e modifier is no longer supported, use preg_replace_callback instead E:\PHP\wamp64\www\edu1\ThinkPHP\Lib\Core\Db.class.php 第 604 行.
SQL: SELECT `username` FROM `edu_users` WHERE ( `id` = 70 ) LIMIT 1   [ RunTime:0.000000s ]
NOTIC: [2] preg_replace(): The /e modifier is no longer supported, use preg_replace_callback instead E:\PHP\wamp64\www\edu1\ThinkPHP\Lib\Core\Db.class.php 第 604 行.
SQL: SELECT `name` FROM `edu_cat` WHERE ( `id` = 27 ) LIMIT 1   [ RunTime:0.002500s ]
NOTIC: [2] preg_replace(): The /e modifier is no longer supported, use preg_replace_callback instead E:\PHP\wamp64\www\edu1\ThinkPHP\Lib\Core\Db.class.php 第 604 行.
SQL: SELECT `username` FROM `edu_users` WHERE ( `id` = 70 ) LIMIT 1   [ RunTime:0.000000s ]
NOTIC: [2] preg_replace(): The /e modifier is no longer supported, use preg_replace_callback instead E:\PHP\wamp64\www\edu1\ThinkPHP\Lib\Core\Db.class.php 第 604 行.
SQL: SELECT `name` FROM `edu_cat` WHERE ( `id` = 11 ) LIMIT 1   [ RunTime:0.000000s ]
NOTIC: [2] preg_replace(): The /e modifier is no longer supported, use preg_replace_callback instead E:\PHP\wamp64\www\edu1\ThinkPHP\Lib\Core\Db.class.php 第 604 行.
SQL: SELECT `username` FROM `edu_users` WHERE ( `id` = 67 ) LIMIT 1   [ RunTime:0.000000s ]
NOTIC: [2] preg_replace(): The /e modifier is no longer supported, use preg_replace_callback instead E:\PHP\wamp64\www\edu1\ThinkPHP\Lib\Core\Db.class.php 第 604 行.
SQL: SELECT `name` FROM `edu_cat` WHERE ( `id` = 3 ) LIMIT 1   [ RunTime:0.000000s ]
NOTIC: [2] preg_replace(): The /e modifier is no longer supported, use preg_replace_callback instead E:\PHP\wamp64\www\edu1\ThinkPHP\Lib\Core\Db.class.php 第 604 行.
SQL: SELECT `username` FROM `edu_users` WHERE ( `id` = 68 ) LIMIT 1   [ RunTime:0.000000s ]
NOTIC: [2] preg_replace(): The /e modifier is no longer supported, use preg_replace_callback instead E:\PHP\wamp64\www\edu1\ThinkPHP\Lib\Core\Db.class.php 第 604 行.
SQL: SELECT `name` FROM `edu_cat` WHERE ( `id` = 19 ) LIMIT 1   [ RunTime:0.002500s ]
NOTIC: [2] preg_replace(): The /e modifier is no longer supported, use preg_replace_callback instead E:\PHP\wamp64\www\edu1\ThinkPHP\Lib\Core\Db.class.php 第 604 行.
SQL: SELECT `username` FROM `edu_users` WHERE ( `id` = 64 ) LIMIT 1   [ RunTime:0.000000s ]
NOTIC: [2] preg_replace(): The /e modifier is no longer supported, use preg_replace_callback instead E:\PHP\wamp64\www\edu1\ThinkPHP\Lib\Core\Db.class.php 第 604 行.
SQL: SELECT `name` FROM `edu_cat` WHERE ( `id` = 14 ) LIMIT 1   [ RunTime:0.000000s ]
NOTIC: [2] preg_replace(): The /e modifier is no longer supported, use preg_replace_callback instead E:\PHP\wamp64\www\edu1\ThinkPHP\Lib\Core\Db.class.php 第 604 行.
SQL: SELECT `username` FROM `edu_users` WHERE ( `id` = 64 ) LIMIT 1   [ RunTime:0.000000s ]
NOTIC: [2] preg_replace(): The /e modifier is no longer supported, use preg_replace_callback instead E:\PHP\wamp64\www\edu1\ThinkPHP\Lib\Core\Db.class.php 第 604 行.
SQL: SELECT `name` FROM `edu_cat` WHERE ( `id` = 10 ) LIMIT 1   [ RunTime:0.000000s ]
NOTIC: [2] preg_replace(): The /e modifier is no longer supported, use preg_replace_callback instead E:\PHP\wamp64\www\edu1\ThinkPHP\Lib\Core\Db.class.php 第 604 行.
SQL: SELECT `username` FROM `edu_users` WHERE ( `id` = 63 ) LIMIT 1   [ RunTime:0.000000s ]
NOTIC: [2] preg_replace(): The /e modifier is no longer supported, use preg_replace_callback instead E:\PHP\wamp64\www\edu1\ThinkPHP\Lib\Core\Db.class.php 第 604 行.
SQL: SELECT `name` FROM `edu_cat` WHERE ( `id` = 17 ) LIMIT 1   [ RunTime:0.002500s ]
NOTIC: [2] preg_replace(): The /e modifier is no longer supported, use preg_replace_callback instead E:\PHP\wamp64\www\edu1\ThinkPHP\Lib\Core\Db.class.php 第 604 行.
SQL: SELECT `username` FROM `edu_users` WHERE ( `id` = 61 ) LIMIT 1   [ RunTime:0.000000s ]
NOTIC: [2] preg_replace(): The /e modifier is no longer supported, use preg_replace_callback instead E:\PHP\wamp64\www\edu1\ThinkPHP\Lib\Core\Db.class.php 第 604 行.
SQL: SELECT `name` FROM `edu_cat` WHERE ( `id` = 26 ) LIMIT 1   [ RunTime:0.000000s ]
NOTIC: [8] Undefined variable: search E:\PHP\wamp64\www\edu1\Admin\Lib\Action\CommonAction.class.php 第 310 行.
NOTIC: [8] Undefined index: values E:\PHP\wamp64\www\edu1\Admin\Lib\Action\CommonAction.class.php 第 311 行.
NOTIC: [8] Undefined index: id E:\PHP\wamp64\www\edu1\Admin\Lib\Action\CatAction.class.php 第 179 行.
NOTIC: [2] preg_replace(): The /e modifier is no longer supported, use preg_replace_callback instead E:\PHP\wamp64\www\edu1\ThinkPHP\Lib\Core\Db.class.php 第 604 行.
SQL: SELECT `id`,`name`,`path` FROM `edu_cat` ORDER BY concat(path,id)  [ RunTime:0.000000s ]
INFO: [ view_parse ] --START--
NOTIC: [8] Undefined index: _order E:\PHP\wamp64\www\edu1\Admin\Runtime\Cache\9b58476071dcf322d7a032b16e5bfba3e2c4a166.file.pagerForm.html.php 第 32 行.
NOTIC: [8] Undefined index: _sort E:\PHP\wamp64\www\edu1\Admin\Runtime\Cache\9b58476071dcf322d7a032b16e5bfba3e2c4a166.file.pagerForm.html.php 第 34 行.
NOTIC: [8] Undefined index: title E:\PHP\wamp64\www\edu1\Admin\Runtime\Cache\68b8faa12b2473ad5f86c5375814ba75b59cef6d.file.index.html.php 第 49 行.
NOTIC: [8] Undefined index: username E:\PHP\wamp64\www\edu1\Admin\Runtime\Cache\68b8faa12b2473ad5f86c5375814ba75b59cef6d.file.index.html.php 第 53 行.
NOTIC: [8] Undefined index: _sort E:\PHP\wamp64\www\edu1\Admin\Runtime\Cache\68b8faa12b2473ad5f86c5375814ba75b59cef6d.file.index.html.php 第 79 行.
INFO: ParseTemplate Behavior ::run [ RunTime:0.032501s ]
INFO: [ view_parse ] --END-- [ RunTime:0.032501s ]
INFO: [ view_filter ] --START--
INFO: ContentReplace Behavior ::run [ RunTime:0.000000s ]
INFO: TokenBuild Behavior ::run [ RunTime:0.000000s ]
INFO: WriteHtmlCache Behavior ::run [ RunTime:0.000000s ]
INFO: ShowRuntime Behavior ::run [ RunTime:0.002500s ]
INFO: [ view_filter ] --END-- [ RunTime:0.005000s ]
INFO: [ view_end ] --START--
INFO: ShowPageTrace Behavior ::run [ RunTime:0.000000s ]
INFO: [ view_end ] --END-- [ RunTime:0.000000s ]

[ 2019-05-23T01:38:56+08:00 ] 127.0.0.1 /edu1/admin.php/Cat/index?_=1558546736645
INFO: [ route_check ] --START--
INFO: CheckRoute Behavior ::run [ RunTime:0.002500s ]
INFO: [ route_check ] --END-- [ RunTime:0.002500s ]
NOTIC: [2] preg_replace(): The /e modifier is no longer supported, use preg_replace_callback instead E:\PHP\wamp64\www\edu1\ThinkPHP\Lib\Core\Dispatcher.class.php 第 132 行.
INFO: [ app_begin ] --START--
INFO: ReadHtmlCache Behavior ::run [ RunTime:0.000000s ]
INFO: [ app_begin ] --END-- [ RunTime:0.000000s ]
SQL: SHOW COLUMNS FROM `edu_cat` [ RunTime:0.000000s ]
NOTIC: [2] preg_replace(): The /e modifier is no longer supported, use preg_replace_callback instead E:\PHP\wamp64\www\edu1\ThinkPHP\Lib\Core\Db.class.php 第 604 行.
SQL: SELECT COUNT(*) AS tp_count FROM `edu_cat` WHERE ( `pid` = '0' ) LIMIT 1   [ RunTime:0.002500s ]
NOTIC: [2] preg_replace(): The /e modifier is no longer supported, use preg_replace_callback instead E:\PHP\wamp64\www\edu1\ThinkPHP\Lib\Core\Db.class.php 第 604 行.
SQL: SELECT * FROM `edu_cat` WHERE ( `pid` = '0' ) ORDER BY id asc LIMIT 0,15   [ RunTime:0.000000s ]
SQL: SHOW COLUMNS FROM `edu_users` [ RunTime:0.002500s ]
NOTIC: [8] Undefined index: uid E:\PHP\wamp64\www\edu1\Admin\Lib\Action\CatAction.class.php 第 125 行.
NOTIC: [2] preg_replace(): The /e modifier is no longer supported, use preg_replace_callback instead E:\PHP\wamp64\www\edu1\ThinkPHP\Lib\Core\Db.class.php 第 604 行.
SQL: SELECT `username` FROM `edu_users` LIMIT 1   [ RunTime:0.000000s ]
NOTIC: [8] Undefined index: uid E:\PHP\wamp64\www\edu1\Admin\Lib\Action\CatAction.class.php 第 125 行.
NOTIC: [2] preg_replace(): The /e modifier is no longer supported, use preg_replace_callback instead E:\PHP\wamp64\www\edu1\ThinkPHP\Lib\Core\Db.class.php 第 604 行.
SQL: SELECT `username` FROM `edu_users` LIMIT 1   [ RunTime:0.000000s ]
NOTIC: [8] Undefined index: uid E:\PHP\wamp64\www\edu1\Admin\Lib\Action\CatAction.class.php 第 125 行.
NOTIC: [2] preg_replace(): The /e modifier is no longer supported, use preg_replace_callback instead E:\PHP\wamp64\www\edu1\ThinkPHP\Lib\Core\Db.class.php 第 604 行.
SQL: SELECT `username` FROM `edu_users` LIMIT 1   [ RunTime:0.000000s ]
NOTIC: [8] Undefined index: uid E:\PHP\wamp64\www\edu1\Admin\Lib\Action\CatAction.class.php 第 125 行.
NOTIC: [2] preg_replace(): The /e modifier is no longer supported, use preg_replace_callback instead E:\PHP\wamp64\www\edu1\ThinkPHP\Lib\Core\Db.class.php 第 604 行.
SQL: SELECT `username` FROM `edu_users` LIMIT 1   [ RunTime:0.000000s ]
NOTIC: [8] Undefined index: uid E:\PHP\wamp64\www\edu1\Admin\Lib\Action\CatAction.class.php 第 125 行.
NOTIC: [2] preg_replace(): The /e modifier is no longer supported, use preg_replace_callback instead E:\PHP\wamp64\www\edu1\ThinkPHP\Lib\Core\Db.class.php 第 604 行.
SQL: SELECT `username` FROM `edu_users` LIMIT 1   [ RunTime:0.000000s ]
NOTIC: [8] Undefined index: uid E:\PHP\wamp64\www\edu1\Admin\Lib\Action\CatAction.class.php 第 125 行.
NOTIC: [2] preg_replace(): The /e modifier is no longer supported, use preg_replace_callback instead E:\PHP\wamp64\www\edu1\ThinkPHP\Lib\Core\Db.class.php 第 604 行.
SQL: SELECT `username` FROM `edu_users` LIMIT 1   [ RunTime:0.000000s ]
NOTIC: [8] Undefined index: uid E:\PHP\wamp64\www\edu1\Admin\Lib\Action\CatAction.class.php 第 125 行.
NOTIC: [2] preg_replace(): The /e modifier is no longer supported, use preg_replace_callback instead E:\PHP\wamp64\www\edu1\ThinkPHP\Lib\Core\Db.class.php 第 604 行.
SQL: SELECT `username` FROM `edu_users` LIMIT 1   [ RunTime:0.002500s ]
NOTIC: [8] Undefined index: uid E:\PHP\wamp64\www\edu1\Admin\Lib\Action\CatAction.class.php 第 125 行.
NOTIC: [2] preg_replace(): The /e modifier is no longer supported, use preg_replace_callback instead E:\PHP\wamp64\www\edu1\ThinkPHP\Lib\Core\Db.class.php 第 604 行.
SQL: SELECT `username` FROM `edu_users` LIMIT 1   [ RunTime:0.000000s ]
NOTIC: [8] Undefined index: uid E:\PHP\wamp64\www\edu1\Admin\Lib\Action\CatAction.class.php 第 125 行.
NOTIC: [2] preg_replace(): The /e modifier is no longer supported, use preg_replace_callback instead E:\PHP\wamp64\www\edu1\ThinkPHP\Lib\Core\Db.class.php 第 604 行.
SQL: SELECT `username` FROM `edu_users` LIMIT 1   [ RunTime:0.000000s ]
NOTIC: [8] Undefined index: cid E:\PHP\wamp64\www\edu1\Admin\Lib\Action\CatAction.class.php 第 81 行.
NOTIC: [8] Undefined variable: search E:\PHP\wamp64\www\edu1\Admin\Lib\Action\CatAction.class.php 第 101 行.
NOTIC: [8] Undefined index: values E:\PHP\wamp64\www\edu1\Admin\Lib\Action\CatAction.class.php 第 102 行.
INFO: [ view_parse ] --START--
NOTIC: [8] Undefined index: _order E:\PHP\wamp64\www\edu1\Admin\Runtime\Cache\9b58476071dcf322d7a032b16e5bfba3e2c4a166.file.pagerForm.html.php 第 32 行.
NOTIC: [8] Undefined index: _sort E:\PHP\wamp64\www\edu1\Admin\Runtime\Cache\9b58476071dcf322d7a032b16e5bfba3e2c4a166.file.pagerForm.html.php 第 34 行.
NOTIC: [8] Undefined index: menu E:\PHP\wamp64\www\edu1\Admin\Runtime\Cache\d7064a106058fb5b4a68cbe3af83faa3c0c13d62.file.index.html.php 第 43 行.
NOTIC: [8] Trying to get property of non-object E:\PHP\wamp64\www\edu1\Admin\Runtime\Cache\d7064a106058fb5b4a68cbe3af83faa3c0c13d62.file.index.html.php 第 43 行.
NOTIC: [8] Undefined index: _sort E:\PHP\wamp64\www\edu1\Admin\Runtime\Cache\d7064a106058fb5b4a68cbe3af83faa3c0c13d62.file.index.html.php 第 71 行.
INFO: ParseTemplate Behavior ::run [ RunTime:0.012500s ]
INFO: [ view_parse ] --END-- [ RunTime:0.012500s ]
INFO: [ view_filter ] --START--
INFO: ContentReplace Behavior ::run [ RunTime:0.000000s ]
INFO: TokenBuild Behavior ::run [ RunTime:0.002500s ]
INFO: WriteHtmlCache Behavior ::run [ RunTime:0.000000s ]
INFO: ShowRuntime Behavior ::run [ RunTime:0.000000s ]
INFO: [ view_filter ] --END-- [ RunTime:0.002500s ]
INFO: [ view_end ] --START--
INFO: ShowPageTrace Behavior ::run [ RunTime:0.002500s ]
INFO: [ view_end ] --END-- [ RunTime:0.002500s ]

[ 2019-05-23T01:39:49+08:00 ] 127.0.0.1 /edu1/admin.php/Message/index?_=1558546789275
INFO: [ route_check ] --START--
INFO: CheckRoute Behavior ::run [ RunTime:0.002500s ]
INFO: [ route_check ] --END-- [ RunTime:0.002500s ]
NOTIC: [2] preg_replace(): The /e modifier is no longer supported, use preg_replace_callback instead E:\PHP\wamp64\www\edu1\ThinkPHP\Lib\Core\Dispatcher.class.php 第 132 行.
INFO: [ app_begin ] --START--
INFO: ReadHtmlCache Behavior ::run [ RunTime:0.002500s ]
INFO: [ app_begin ] --END-- [ RunTime:0.002500s ]
SQL: SHOW COLUMNS FROM `bbs_message` [ RunTime:0.000000s ]
NOTIC: [2] preg_replace(): The /e modifier is no longer supported, use preg_replace_callback instead E:\PHP\wamp64\www\edu1\ThinkPHP\Lib\Core\Db.class.php 第 604 行.
SQL: SELECT COUNT(*) AS tp_count FROM `bbs_message` LIMIT 1   [ RunTime:0.000000s ]
NOTIC: [2] preg_replace(): The /e modifier is no longer supported, use preg_replace_callback instead E:\PHP\wamp64\www\edu1\ThinkPHP\Lib\Core\Db.class.php 第 604 行.
SQL: SELECT * FROM `bbs_message` ORDER BY id desc LIMIT 0,10   [ RunTime:0.000000s ]
SQL: SHOW COLUMNS FROM `edu_users` [ RunTime:0.002500s ]
NOTIC: [2] preg_replace(): The /e modifier is no longer supported, use preg_replace_callback instead E:\PHP\wamp64\www\edu1\ThinkPHP\Lib\Core\Db.class.php 第 604 行.
SQL: SELECT `username` FROM `edu_users` WHERE ( `id` = 55 ) LIMIT 1   [ RunTime:0.000000s ]
SQL: SHOW COLUMNS FROM `bbs_comm` [ RunTime:0.000000s ]
NOTIC: [2] preg_replace(): The /e modifier is no longer supported, use preg_replace_callback instead E:\PHP\wamp64\www\edu1\ThinkPHP\Lib\Core\Db.class.php 第 604 行.
SQL: SELECT COUNT(*) AS tp_count FROM `bbs_comm` WHERE ( mid=38 ) LIMIT 1   [ RunTime:0.000000s ]
SQL: SHOW COLUMNS FROM `edu_cat` [ RunTime:0.000000s ]
NOTIC: [2] preg_replace(): The /e modifier is no longer supported, use preg_replace_callback instead E:\PHP\wamp64\www\edu1\ThinkPHP\Lib\Core\Db.class.php 第 604 行.
SQL: SELECT * FROM `edu_cat` WHERE ( `id` = 0 ) LIMIT 1   [ RunTime:0.000000s ]
NOTIC: [2] preg_replace(): The /e modifier is no longer supported, use preg_replace_callback instead E:\PHP\wamp64\www\edu1\ThinkPHP\Lib\Core\Db.class.php 第 604 行.
SQL: SELECT `username` FROM `edu_users` WHERE ( `id` = 70 ) LIMIT 1   [ RunTime:0.000000s ]
NOTIC: [2] preg_replace(): The /e modifier is no longer supported, use preg_replace_callback instead E:\PHP\wamp64\www\edu1\ThinkPHP\Lib\Core\Db.class.php 第 604 行.
SQL: SELECT COUNT(*) AS tp_count FROM `bbs_comm` WHERE ( mid=31 ) LIMIT 1   [ RunTime:0.002501s ]
NOTIC: [2] preg_replace(): The /e modifier is no longer supported, use preg_replace_callback instead E:\PHP\wamp64\www\edu1\ThinkPHP\Lib\Core\Db.class.php 第 604 行.
SQL: SELECT * FROM `edu_cat` WHERE ( `id` = 19 ) LIMIT 1   [ RunTime:0.000000s ]
NOTIC: [2] preg_replace(): The /e modifier is no longer supported, use preg_replace_callback instead E:\PHP\wamp64\www\edu1\ThinkPHP\Lib\Core\Db.class.php 第 604 行.
SQL: SELECT `username` FROM `edu_users` WHERE ( `id` = 93 ) LIMIT 1   [ RunTime:0.000000s ]
NOTIC: [2] preg_replace(): The /e modifier is no longer supported, use preg_replace_callback instead E:\PHP\wamp64\www\edu1\ThinkPHP\Lib\Core\Db.class.php 第 604 行.
SQL: SELECT COUNT(*) AS tp_count FROM `bbs_comm` WHERE ( mid=30 ) LIMIT 1   [ RunTime:0.000000s ]
NOTIC: [2] preg_replace(): The /e modifier is no longer supported, use preg_replace_callback instead E:\PHP\wamp64\www\edu1\ThinkPHP\Lib\Core\Db.class.php 第 604 行.
SQL: SELECT * FROM `edu_cat` WHERE ( `id` = 26 ) LIMIT 1   [ RunTime:0.000000s ]
NOTIC: [2] preg_replace(): The /e modifier is no longer supported, use preg_replace_callback instead E:\PHP\wamp64\www\edu1\ThinkPHP\Lib\Core\Db.class.php 第 604 行.
SQL: SELECT `username` FROM `edu_users` WHERE ( `id` = 63 ) LIMIT 1   [ RunTime:0.002500s ]
NOTIC: [2] preg_replace(): The /e modifier is no longer supported, use preg_replace_callback instead E:\PHP\wamp64\www\edu1\ThinkPHP\Lib\Core\Db.class.php 第 604 行.
SQL: SELECT COUNT(*) AS tp_count FROM `bbs_comm` WHERE ( mid=29 ) LIMIT 1   [ RunTime:0.000000s ]
NOTIC: [2] preg_replace(): The /e modifier is no longer supported, use preg_replace_callback instead E:\PHP\wamp64\www\edu1\ThinkPHP\Lib\Core\Db.class.php 第 604 行.
SQL: SELECT * FROM `edu_cat` WHERE ( `id` = 24 ) LIMIT 1   [ RunTime:0.000000s ]
NOTIC: [2] preg_replace(): The /e modifier is no longer supported, use preg_replace_callback instead E:\PHP\wamp64\www\edu1\ThinkPHP\Lib\Core\Db.class.php 第 604 行.
SQL: SELECT * FROM `edu_cat` WHERE ( `id` = 27 ) LIMIT 1   [ RunTime:0.000000s ]
NOTIC: [2] preg_replace(): The /e modifier is no longer supported, use preg_replace_callback instead E:\PHP\wamp64\www\edu1\ThinkPHP\Lib\Core\Db.class.php 第 604 行.
SQL: SELECT * FROM `edu_cat` WHERE ( `id` = 28 ) LIMIT 1   [ RunTime:0.000000s ]
NOTIC: [2] preg_replace(): The /e modifier is no longer supported, use preg_replace_callback instead E:\PHP\wamp64\www\edu1\ThinkPHP\Lib\Core\Db.class.php 第 604 行.
SQL: SELECT `username` FROM `edu_users` WHERE ( `id` = 75 ) LIMIT 1   [ RunTime:0.000000s ]
NOTIC: [2] preg_replace(): The /e modifier is no longer supported, use preg_replace_callback instead E:\PHP\wamp64\www\edu1\ThinkPHP\Lib\Core\Db.class.php 第 604 行.
SQL: SELECT COUNT(*) AS tp_count FROM `bbs_comm` WHERE ( mid=28 ) LIMIT 1   [ RunTime:0.000000s ]
NOTIC: [2] preg_replace(): The /e modifier is no longer supported, use preg_replace_callback instead E:\PHP\wamp64\www\edu1\ThinkPHP\Lib\Core\Db.class.php 第 604 行.
SQL: SELECT * FROM `edu_cat` WHERE ( `id` = 9 ) LIMIT 1   [ RunTime:0.000000s ]
NOTIC: [2] preg_replace(): The /e modifier is no longer supported, use preg_replace_callback instead E:\PHP\wamp64\www\edu1\ThinkPHP\Lib\Core\Db.class.php 第 604 行.
SQL: SELECT * FROM `edu_cat` WHERE ( `id` = 10 ) LIMIT 1   [ RunTime:0.000000s ]
NOTIC: [2] preg_replace(): The /e modifier is no longer supported, use preg_replace_callback instead E:\PHP\wamp64\www\edu1\ThinkPHP\Lib\Core\Db.class.php 第 604 行.
SQL: SELECT * FROM `edu_cat` WHERE ( `id` = 11 ) LIMIT 1   [ RunTime:0.000000s ]
NOTIC: [2] preg_replace(): The /e modifier is no longer supported, use preg_replace_callback instead E:\PHP\wamp64\www\edu1\ThinkPHP\Lib\Core\Db.class.php 第 604 行.
SQL: SELECT `username` FROM `edu_users` WHERE ( `id` = 93 ) LIMIT 1   [ RunTime:0.000000s ]
NOTIC: [2] preg_replace(): The /e modifier is no longer supported, use preg_replace_callback instead E:\PHP\wamp64\www\edu1\ThinkPHP\Lib\Core\Db.class.php 第 604 行.
SQL: SELECT COUNT(*) AS tp_count FROM `bbs_comm` WHERE ( mid=27 ) LIMIT 1   [ RunTime:0.000000s ]
NOTIC: [2] preg_replace(): The /e modifier is no longer supported, use preg_replace_callback instead E:\PHP\wamp64\www\edu1\ThinkPHP\Lib\Core\Db.class.php 第 604 行.
SQL: SELECT * FROM `edu_cat` WHERE ( `id` = 9 ) LIMIT 1   [ RunTime:0.000000s ]
NOTIC: [2] preg_replace(): The /e modifier is no longer supported, use preg_replace_callback instead E:\PHP\wamp64\www\edu1\ThinkPHP\Lib\Core\Db.class.php 第 604 行.
SQL: SELECT `username` FROM `edu_users` WHERE ( `id` = 70 ) LIMIT 1   [ RunTime:0.002500s ]
NOTIC: [2] preg_replace(): The /e modifier is no longer supported, use preg_replace_callback instead E:\PHP\wamp64\www\edu1\ThinkPHP\Lib\Core\Db.class.php 第 604 行.
SQL: SELECT COUNT(*) AS tp_count FROM `bbs_comm` WHERE ( mid=26 ) LIMIT 1   [ RunTime:0.000000s ]
NOTIC: [2] preg_replace(): The /e modifier is no longer supported, use preg_replace_callback instead E:\PHP\wamp64\www\edu1\ThinkPHP\Lib\Core\Db.class.php 第 604 行.
SQL: SELECT * FROM `edu_cat` WHERE ( `id` = 27 ) LIMIT 1   [ RunTime:0.000000s ]
NOTIC: [2] preg_replace(): The /e modifier is no longer supported, use preg_replace_callback instead E:\PHP\wamp64\www\edu1\ThinkPHP\Lib\Core\Db.class.php 第 604 行.
SQL: SELECT `username` FROM `edu_users` WHERE ( `id` = 71 ) LIMIT 1   [ RunTime:0.000000s ]
NOTIC: [2] preg_replace(): The /e modifier is no longer supported, use preg_replace_callback instead E:\PHP\wamp64\www\edu1\ThinkPHP\Lib\Core\Db.class.php 第 604 行.
SQL: SELECT COUNT(*) AS tp_count FROM `bbs_comm` WHERE ( mid=24 ) LIMIT 1   [ RunTime:0.000000s ]
NOTIC: [2] preg_replace(): The /e modifier is no longer supported, use preg_replace_callback instead E:\PHP\wamp64\www\edu1\ThinkPHP\Lib\Core\Db.class.php 第 604 行.
SQL: SELECT * FROM `edu_cat` WHERE ( `id` = 27 ) LIMIT 1   [ RunTime:0.000000s ]
NOTIC: [2] preg_replace(): The /e modifier is no longer supported, use preg_replace_callback instead E:\PHP\wamp64\www\edu1\ThinkPHP\Lib\Core\Db.class.php 第 604 行.
SQL: SELECT * FROM `edu_cat` WHERE ( `id` = 28 ) LIMIT 1   [ RunTime:0.000000s ]
NOTIC: [2] preg_replace(): The /e modifier is no longer supported, use preg_replace_callback instead E:\PHP\wamp64\www\edu1\ThinkPHP\Lib\Core\Db.class.php 第 604 行.
SQL: SELECT `username` FROM `edu_users` WHERE ( `id` = 71 ) LIMIT 1   [ RunTime:0.000000s ]
NOTIC: [2] preg_replace(): The /e modifier is no longer supported, use preg_replace_callback instead E:\PHP\wamp64\www\edu1\ThinkPHP\Lib\Core\Db.class.php 第 604 行.
SQL: SELECT COUNT(*) AS tp_count FROM `bbs_comm` WHERE ( mid=23 ) LIMIT 1   [ RunTime:0.002500s ]
NOTIC: [2] preg_replace(): The /e modifier is no longer supported, use preg_replace_callback instead E:\PHP\wamp64\www\edu1\ThinkPHP\Lib\Core\Db.class.php 第 604 行.
SQL: SELECT * FROM `edu_cat` WHERE ( `id` = 10 ) LIMIT 1   [ RunTime:0.000000s ]
NOTIC: [2] preg_replace(): The /e modifier is no longer supported, use preg_replace_callback instead E:\PHP\wamp64\www\edu1\ThinkPHP\Lib\Core\Db.class.php 第 604 行.
SQL: SELECT `username` FROM `edu_users` WHERE ( `id` = 69 ) LIMIT 1   [ RunTime:0.000000s ]
NOTIC: [2] preg_replace(): The /e modifier is no longer supported, use preg_replace_callback instead E:\PHP\wamp64\www\edu1\ThinkPHP\Lib\Core\Db.class.php 第 604 行.
SQL: SELECT COUNT(*) AS tp_count FROM `bbs_comm` WHERE ( mid=22 ) LIMIT 1   [ RunTime:0.000000s ]
NOTIC: [2] preg_replace(): The /e modifier is no longer supported, use preg_replace_callback instead E:\PHP\wamp64\www\edu1\ThinkPHP\Lib\Core\Db.class.php 第 604 行.
SQL: SELECT * FROM `edu_cat` WHERE ( `id` = 27 ) LIMIT 1   [ RunTime:0.000000s ]
NOTIC: [2] preg_replace(): The /e modifier is no longer supported, use preg_replace_callback instead E:\PHP\wamp64\www\edu1\ThinkPHP\Lib\Core\Db.class.php 第 604 行.
SQL: SELECT * FROM `edu_cat` WHERE ( `id` = 26 ) LIMIT 1   [ RunTime:0.000000s ]
NOTIC: [8] Undefined variable: search E:\PHP\wamp64\www\edu1\Admin\Lib\Action\CommonAction.class.php 第 310 行.
NOTIC: [8] Undefined index: values E:\PHP\wamp64\www\edu1\Admin\Lib\Action\CommonAction.class.php 第 311 行.
NOTIC: [8] Undefined index: id E:\PHP\wamp64\www\edu1\Admin\Lib\Action\CatAction.class.php 第 179 行.
NOTIC: [2] preg_replace(): The /e modifier is no longer supported, use preg_replace_callback instead E:\PHP\wamp64\www\edu1\ThinkPHP\Lib\Core\Db.class.php 第 604 行.
SQL: SELECT `id`,`name`,`path` FROM `edu_cat` ORDER BY concat(path,id)  [ RunTime:0.000000s ]
INFO: [ view_parse ] --START--
NOTIC: [8] Undefined index: _order E:\PHP\wamp64\www\edu1\Admin\Runtime\Cache\9b58476071dcf322d7a032b16e5bfba3e2c4a166.file.pagerForm.html.php 第 32 行.
NOTIC: [8] Undefined index: _sort E:\PHP\wamp64\www\edu1\Admin\Runtime\Cache\9b58476071dcf322d7a032b16e5bfba3e2c4a166.file.pagerForm.html.php 第 34 行.
NOTIC: [8] Undefined index: username E:\PHP\wamp64\www\edu1\Admin\Runtime\Cache\d41b26d9f8479f15a77017d0a5c1f090a400739b.file.index.html.php 第 48 行.
NOTIC: [8] Undefined index: title E:\PHP\wamp64\www\edu1\Admin\Runtime\Cache\d41b26d9f8479f15a77017d0a5c1f090a400739b.file.index.html.php 第 53 行.
NOTIC: [8] Undefined index: isbest E:\PHP\wamp64\www\edu1\Admin\Runtime\Cache\d41b26d9f8479f15a77017d0a5c1f090a400739b.file.index.html.php 第 61 行.
NOTIC: [8] Undefined index: ishot E:\PHP\wamp64\www\edu1\Admin\Runtime\Cache\d41b26d9f8479f15a77017d0a5c1f090a400739b.file.index.html.php 第 65 行.
NOTIC: [8] Undefined index: status E:\PHP\wamp64\www\edu1\Admin\Runtime\Cache\d41b26d9f8479f15a77017d0a5c1f090a400739b.file.index.html.php 第 70 行.
NOTIC: [8] Undefined index: status E:\PHP\wamp64\www\edu1\Admin\Runtime\Cache\d41b26d9f8479f15a77017d0a5c1f090a400739b.file.index.html.php 第 71 行.
NOTIC: [8] Undefined index: status E:\PHP\wamp64\www\edu1\Admin\Runtime\Cache\d41b26d9f8479f15a77017d0a5c1f090a400739b.file.index.html.php 第 72 行.
NOTIC: [8] Undefined index: _sort E:\PHP\wamp64\www\edu1\Admin\Runtime\Cache\d41b26d9f8479f15a77017d0a5c1f090a400739b.file.index.html.php 第 99 行.
NOTIC: [8] Undefined index: _order E:\PHP\wamp64\www\edu1\Admin\Runtime\Cache\d41b26d9f8479f15a77017d0a5c1f090a400739b.file.index.html.php 第 107 行.
INFO: ParseTemplate Behavior ::run [ RunTime:0.025000s ]
INFO: [ view_parse ] --END-- [ RunTime:0.025000s ]
INFO: [ view_filter ] --START--
INFO: ContentReplace Behavior ::run [ RunTime:0.000000s ]
INFO: TokenBuild Behavior ::run [ RunTime:0.000000s ]
INFO: WriteHtmlCache Behavior ::run [ RunTime:0.000000s ]
INFO: ShowRuntime Behavior ::run [ RunTime:0.002500s ]
INFO: [ view_filter ] --END-- [ RunTime:0.002500s ]
INFO: [ view_end ] --START--
INFO: ShowPageTrace Behavior ::run [ RunTime:0.000000s ]
INFO: [ view_end ] --END-- [ RunTime:0.000000s ]

[ 2019-05-23T01:40:49+08:00 ] 127.0.0.1 /edu1/admin.php/Notice/index?_=1558546848956
INFO: [ route_check ] --START--
INFO: CheckRoute Behavior ::run [ RunTime:0.002500s ]
INFO: [ route_check ] --END-- [ RunTime:0.002500s ]
NOTIC: [2] preg_replace(): The /e modifier is no longer supported, use preg_replace_callback instead E:\PHP\wamp64\www\edu1\ThinkPHP\Lib\Core\Dispatcher.class.php 第 132 行.
INFO: [ app_begin ] --START--
INFO: ReadHtmlCache Behavior ::run [ RunTime:0.002500s ]
INFO: [ app_begin ] --END-- [ RunTime:0.002500s ]
SQL: SHOW COLUMNS FROM `edu_notice` [ RunTime:0.002500s ]
NOTIC: [2] preg_replace(): The /e modifier is no longer supported, use preg_replace_callback instead E:\PHP\wamp64\www\edu1\ThinkPHP\Lib\Core\Db.class.php 第 604 行.
SQL: SELECT COUNT(*) AS tp_count FROM `edu_notice` LIMIT 1   [ RunTime:0.002500s ]
NOTIC: [2] preg_replace(): The /e modifier is no longer supported, use preg_replace_callback instead E:\PHP\wamp64\www\edu1\ThinkPHP\Lib\Core\Db.class.php 第 604 行.
SQL: SELECT * FROM `edu_notice` ORDER BY id desc LIMIT 0,10   [ RunTime:0.002500s ]
NOTIC: [8] Undefined variable: search E:\PHP\wamp64\www\edu1\Admin\Lib\Action\CommonAction.class.php 第 310 行.
NOTIC: [8] Undefined index: values E:\PHP\wamp64\www\edu1\Admin\Lib\Action\CommonAction.class.php 第 311 行.
NOTIC: [8] Undefined index: id E:\PHP\wamp64\www\edu1\Admin\Lib\Action\CatAction.class.php 第 179 行.
SQL: SHOW COLUMNS FROM `edu_cat` [ RunTime:0.002500s ]
NOTIC: [2] preg_replace(): The /e modifier is no longer supported, use preg_replace_callback instead E:\PHP\wamp64\www\edu1\ThinkPHP\Lib\Core\Db.class.php 第 604 行.
SQL: SELECT `id`,`name`,`path` FROM `edu_cat` ORDER BY concat(path,id)  [ RunTime:0.000000s ]
INFO: [ view_parse ] --START--
NOTIC: [8] Undefined index: _order E:\PHP\wamp64\www\edu1\Admin\Runtime\Cache\9b58476071dcf322d7a032b16e5bfba3e2c4a166.file.pagerForm.html.php 第 32 行.
NOTIC: [8] Undefined index: _sort E:\PHP\wamp64\www\edu1\Admin\Runtime\Cache\9b58476071dcf322d7a032b16e5bfba3e2c4a166.file.pagerForm.html.php 第 34 行.
NOTIC: [8] Undefined index: title E:\PHP\wamp64\www\edu1\Admin\Runtime\Cache\97d4388f749ecd4a45da5257b9f02e0ba759a60a.file.index.html.php 第 41 行.
NOTIC: [8] Undefined index: _sort E:\PHP\wamp64\www\edu1\Admin\Runtime\Cache\97d4388f749ecd4a45da5257b9f02e0ba759a60a.file.index.html.php 第 67 行.
INFO: ParseTemplate Behavior ::run [ RunTime:0.032500s ]
INFO: [ view_parse ] --END-- [ RunTime:0.032500s ]
INFO: [ view_filter ] --START--
INFO: ContentReplace Behavior ::run [ RunTime:0.000000s ]
INFO: TokenBuild Behavior ::run [ RunTime:0.000000s ]
INFO: WriteHtmlCache Behavior ::run [ RunTime:0.002500s ]
INFO: ShowRuntime Behavior ::run [ RunTime:0.000000s ]
INFO: [ view_filter ] --END-- [ RunTime:0.002500s ]
INFO: [ view_end ] --START--
INFO: ShowPageTrace Behavior ::run [ RunTime:0.002500s ]
INFO: [ view_end ] --END-- [ RunTime:0.002500s ]

