2019-08-26 11:27:37.845 [main] INFO  com.yangfulai.Ajax0SsmApplication - Starting Ajax0SsmApplication on USER-20150715XA with PID 5784 (D:\Java22\AJAX0SSM\target\classes started by Administrator in D:\Java22\AJAX0SSM)
2019-08-26 11:27:37.845 [main] INFO  com.yangfulai.Ajax0SsmApplication - No active profile set, falling back to default profiles: default
2019-08-26 11:27:38.646 [main] INFO  o.s.d.r.config.RepositoryConfigurationDelegate - Multiple Spring Data modules found, entering strict repository configuration mode!
2019-08-26 11:27:38.646 [main] INFO  o.s.d.r.config.RepositoryConfigurationDelegate - Bootstrapping Spring Data repositories in DEFAULT mode.
2019-08-26 11:27:38.677 [main] INFO  o.s.d.r.config.RepositoryConfigurationDelegate - Finished Spring Data repository scanning in 31ms. Found 0 repository interfaces.
2019-08-26 11:27:38.958 [main] INFO  o.s.c.s.PostProcessorRegistrationDelegate$BeanPostProcessorChecker - Bean 'com.alibaba.druid.spring.boot.autoconfigure.stat.DruidSpringAopConfiguration' of type [com.alibaba.druid.spring.boot.autoconfigure.stat.DruidSpringAopConfiguration] is not eligible for getting processed by all BeanPostProcessors (for example: not eligible for auto-proxying)
2019-08-26 11:27:38.973 [main] INFO  o.s.c.s.PostProcessorRegistrationDelegate$BeanPostProcessorChecker - Bean 'redisConfig' of type [com.yangfulai.util.RedisConfig$$EnhancerBySpringCGLIB$$3091deab] is not eligible for getting processed by all BeanPostProcessors (for example: not eligible for auto-proxying)
2019-08-26 11:27:38.990 [main] INFO  o.s.c.s.PostProcessorRegistrationDelegate$BeanPostProcessorChecker - Bean 'org.springframework.transaction.annotation.ProxyTransactionManagementConfiguration' of type [org.springframework.transaction.annotation.ProxyTransactionManagementConfiguration$$EnhancerBySpringCGLIB$$6105d4be] is not eligible for getting processed by all BeanPostProcessors (for example: not eligible for auto-proxying)
2019-08-26 11:27:39.021 [main] INFO  o.s.c.s.PostProcessorRegistrationDelegate$BeanPostProcessorChecker - Bean 'spring.datasource.druid-com.alibaba.druid.spring.boot.autoconfigure.properties.DruidStatProperties' of type [com.alibaba.druid.spring.boot.autoconfigure.properties.DruidStatProperties] is not eligible for getting processed by all BeanPostProcessors (for example: not eligible for auto-proxying)
2019-08-26 11:27:39.021 [main] INFO  o.s.c.s.PostProcessorRegistrationDelegate$BeanPostProcessorChecker - Bean 'advisor' of type [org.springframework.aop.support.RegexpMethodPointcutAdvisor] is not eligible for getting processed by all BeanPostProcessors (for example: not eligible for auto-proxying)
2019-08-26 11:27:39.286 [main] INFO  o.s.boot.web.embedded.tomcat.TomcatWebServer - Tomcat initialized with port(s): 8080 (http)
2019-08-26 11:27:39.302 [main] INFO  org.apache.coyote.http11.Http11NioProtocol - Initializing ProtocolHandler ["http-nio-8080"]
2019-08-26 11:27:39.317 [main] INFO  org.apache.catalina.core.StandardService - Starting service [Tomcat]
2019-08-26 11:27:39.317 [main] INFO  org.apache.catalina.core.StandardEngine - Starting Servlet engine: [Apache Tomcat/9.0.22]
2019-08-26 11:27:39.567 [main] INFO  org.apache.jasper.servlet.TldScanner - At least one JAR was scanned for TLDs yet contained no TLDs. Enable debug logging for this logger for a complete list of JARs that were scanned but no TLDs were found in them. Skipping unneeded JARs during scanning can improve startup time and JSP compilation time.
2019-08-26 11:27:39.583 [main] INFO  o.a.c.core.ContainerBase.[Tomcat].[localhost].[/] - Initializing Spring embedded WebApplicationContext
2019-08-26 11:27:39.583 [main] INFO  org.springframework.web.context.ContextLoader - Root WebApplicationContext: initialization completed in 1676 ms
2019-08-26 11:27:39.676 [main] INFO  c.a.d.s.b.a.DruidDataSourceAutoConfigure - Init DruidDataSource
2019-08-26 11:27:40.114 [main] INFO  com.alibaba.druid.pool.DruidDataSource - {dataSource-1} inited
2019-08-26 11:27:40.708 [main] INFO  o.s.scheduling.concurrent.ThreadPoolTaskExecutor - Initializing ExecutorService 'applicationTaskExecutor'
2019-08-26 11:27:41.145 [container-1] INFO  io.lettuce.core.EpollProvider - Starting without optional epoll library
2019-08-26 11:27:41.160 [container-1] INFO  io.lettuce.core.KqueueProvider - Starting without optional kqueue library
2019-08-26 11:27:42.598 [container-1] ERROR o.s.d.redis.listener.RedisMessageListenerContainer - Connection failure occurred. Restarting subscription task after 5000 ms
2019-08-26 11:27:46.078 [main] INFO  org.apache.coyote.http11.Http11NioProtocol - Starting ProtocolHandler ["http-nio-8080"]
2019-08-26 11:27:46.110 [main] INFO  o.s.boot.web.embedded.tomcat.TomcatWebServer - Tomcat started on port(s): 8080 (http) with context path ''
2019-08-26 11:27:46.110 [main] INFO  com.yangfulai.Ajax0SsmApplication - Started Ajax0SsmApplication in 8.531 seconds (JVM running for 9.33)
2019-08-26 11:27:48.638 [container-2] ERROR o.s.d.redis.listener.RedisMessageListenerContainer - Connection failure occurred. Restarting subscription task after 5000 ms
2019-08-26 11:27:53.245 [http-nio-8080-exec-5] INFO  o.a.c.core.ContainerBase.[Tomcat].[localhost].[/] - Initializing Spring DispatcherServlet 'dispatcherServlet'
2019-08-26 11:27:53.245 [http-nio-8080-exec-5] INFO  org.springframework.web.servlet.DispatcherServlet - Initializing Servlet 'dispatcherServlet'
2019-08-26 11:27:53.254 [http-nio-8080-exec-5] INFO  org.springframework.web.servlet.DispatcherServlet - Completed initialization in 9 ms
2019-08-26 11:27:54.656 [container-3] ERROR o.s.d.redis.listener.RedisMessageListenerContainer - Connection failure occurred. Restarting subscription task after 5000 ms
2019-08-26 11:27:59.861 [http-nio-8080-exec-10] ERROR o.a.c.c.C.[.[localhost].[/].[dispatcherServlet] - Servlet.service() for servlet [dispatcherServlet] in context with path [] threw exception [Request processing failed; nested exception is org.springframework.data.redis.RedisConnectionFailureException: Unable to connect to Redis; nested exception is io.lettuce.core.RedisConnectionException: Unable to connect to 127.0.0.1:6379] with root cause
java.net.ConnectException: Connection refused: no further information
	at sun.nio.ch.SocketChannelImpl.checkConnect(Native Method)
	at sun.nio.ch.SocketChannelImpl.finishConnect(Unknown Source)
	at io.netty.channel.socket.nio.NioSocketChannel.doFinishConnect(NioSocketChannel.java:327)
	at io.netty.channel.nio.AbstractNioChannel$AbstractNioUnsafe.finishConnect(AbstractNioChannel.java:336)
	at io.netty.channel.nio.NioEventLoop.processSelectedKey(NioEventLoop.java:685)
	at io.netty.channel.nio.NioEventLoop.processSelectedKeysOptimized(NioEventLoop.java:632)
	at io.netty.channel.nio.NioEventLoop.processSelectedKeys(NioEventLoop.java:549)
	at io.netty.channel.nio.NioEventLoop.run(NioEventLoop.java:511)
	at io.netty.util.concurrent.SingleThreadEventExecutor$5.run(SingleThreadEventExecutor.java:918)
	at io.netty.util.internal.ThreadExecutorMap$2.run(ThreadExecutorMap.java:74)
	at io.netty.util.concurrent.FastThreadLocalRunnable.run(FastThreadLocalRunnable.java:30)
	at java.lang.Thread.run(Unknown Source)
2019-08-26 11:28:00.853 [container-4] ERROR o.s.d.redis.listener.RedisMessageListenerContainer - Connection failure occurred. Restarting subscription task after 5000 ms
2019-08-26 11:28:04.857 [http-nio-8080-exec-3] ERROR o.a.c.c.C.[.[localhost].[/].[dispatcherServlet] - Servlet.service() for servlet [dispatcherServlet] in context with path [] threw exception [Request processing failed; nested exception is org.springframework.data.redis.RedisConnectionFailureException: Unable to connect to Redis; nested exception is io.lettuce.core.RedisConnectionException: Unable to connect to 127.0.0.1:6379] with root cause
java.net.ConnectException: Connection refused: no further information
	at sun.nio.ch.SocketChannelImpl.checkConnect(Native Method)
	at sun.nio.ch.SocketChannelImpl.finishConnect(Unknown Source)
	at io.netty.channel.socket.nio.NioSocketChannel.doFinishConnect(NioSocketChannel.java:327)
	at io.netty.channel.nio.AbstractNioChannel$AbstractNioUnsafe.finishConnect(AbstractNioChannel.java:336)
	at io.netty.channel.nio.NioEventLoop.processSelectedKey(NioEventLoop.java:685)
	at io.netty.channel.nio.NioEventLoop.processSelectedKeysOptimized(NioEventLoop.java:632)
	at io.netty.channel.nio.NioEventLoop.processSelectedKeys(NioEventLoop.java:549)
	at io.netty.channel.nio.NioEventLoop.run(NioEventLoop.java:511)
	at io.netty.util.concurrent.SingleThreadEventExecutor$5.run(SingleThreadEventExecutor.java:918)
	at io.netty.util.internal.ThreadExecutorMap$2.run(ThreadExecutorMap.java:74)
	at io.netty.util.concurrent.FastThreadLocalRunnable.run(FastThreadLocalRunnable.java:30)
	at java.lang.Thread.run(Unknown Source)
2019-08-26 11:28:06.887 [container-5] ERROR o.s.d.redis.listener.RedisMessageListenerContainer - Connection failure occurred. Restarting subscription task after 5000 ms
2019-08-26 11:28:12.927 [container-6] ERROR o.s.d.redis.listener.RedisMessageListenerContainer - Connection failure occurred. Restarting subscription task after 5000 ms
2019-08-26 11:28:18.965 [container-7] ERROR o.s.d.redis.listener.RedisMessageListenerContainer - Connection failure occurred. Restarting subscription task after 5000 ms
2019-08-26 11:28:24.989 [container-8] ERROR o.s.d.redis.listener.RedisMessageListenerContainer - Connection failure occurred. Restarting subscription task after 5000 ms
2019-08-26 11:28:31.045 [container-9] ERROR o.s.d.redis.listener.RedisMessageListenerContainer - Connection failure occurred. Restarting subscription task after 5000 ms
2019-08-26 11:28:37.068 [container-10] ERROR o.s.d.redis.listener.RedisMessageListenerContainer - Connection failure occurred. Restarting subscription task after 5000 ms
2019-08-26 11:28:43.106 [container-11] ERROR o.s.d.redis.listener.RedisMessageListenerContainer - Connection failure occurred. Restarting subscription task after 5000 ms
2019-08-26 11:28:49.131 [container-12] ERROR o.s.d.redis.listener.RedisMessageListenerContainer - Connection failure occurred. Restarting subscription task after 5000 ms
2019-08-26 11:28:55.185 [container-13] ERROR o.s.d.redis.listener.RedisMessageListenerContainer - Connection failure occurred. Restarting subscription task after 5000 ms
2019-08-26 11:29:01.226 [container-14] ERROR o.s.d.redis.listener.RedisMessageListenerContainer - Connection failure occurred. Restarting subscription task after 5000 ms
2019-08-26 11:29:07.233 [container-15] ERROR o.s.d.redis.listener.RedisMessageListenerContainer - Connection failure occurred. Restarting subscription task after 5000 ms
2019-08-26 11:29:07.921 [RMI TCP Connection(2)-127.0.0.1] INFO  o.s.b.a.SpringApplicationAdminMXBeanRegistrar$SpringApplicationAdmin - Application shutdown requested.
2019-08-26 11:29:07.921 [RMI TCP Connection(2)-127.0.0.1] INFO  o.s.scheduling.concurrent.ThreadPoolTaskExecutor - Shutting down ExecutorService 'applicationTaskExecutor'
2019-08-26 11:29:07.968 [RMI TCP Connection(2)-127.0.0.1] INFO  com.alibaba.druid.pool.DruidDataSource - {dataSource-1} closed
2019-08-26 13:48:46.022 [main] INFO  o.s.b.t.context.SpringBootTestContextBootstrapper - Neither @ContextConfiguration nor @ContextHierarchy found for test class [com.yangfulai.Ajax0SsmApplicationTests], using SpringBootContextLoader
2019-08-26 13:48:46.032 [main] INFO  o.s.test.context.support.AbstractContextLoader - Could not detect default resource locations for test class [com.yangfulai.Ajax0SsmApplicationTests]: no resource found for suffixes {-context.xml, Context.groovy}.
2019-08-26 13:48:46.033 [main] INFO  o.s.t.c.support.AnnotationConfigContextLoaderUtils - Could not detect default configuration classes for test class [com.yangfulai.Ajax0SsmApplicationTests]: Ajax0SsmApplicationTests does not declare any static, non-private, non-final, nested classes annotated with @Configuration.
2019-08-26 13:48:46.231 [main] INFO  o.s.b.t.context.SpringBootTestContextBootstrapper - Found @SpringBootConfiguration com.yangfulai.Ajax0SsmApplication for test class com.yangfulai.Ajax0SsmApplicationTests
2019-08-26 13:48:46.355 [main] INFO  o.s.b.t.context.SpringBootTestContextBootstrapper - Loaded default TestExecutionListener class names from location [META-INF/spring.factories]: [org.springframework.boot.test.mock.mockito.MockitoTestExecutionListener, org.springframework.boot.test.mock.mockito.ResetMocksTestExecutionListener, org.springframework.boot.test.autoconfigure.restdocs.RestDocsTestExecutionListener, org.springframework.boot.test.autoconfigure.web.client.MockRestServiceServerResetTestExecutionListener, org.springframework.boot.test.autoconfigure.web.servlet.MockMvcPrintOnlyOnFailureTestExecutionListener, org.springframework.boot.test.autoconfigure.web.servlet.WebDriverTestExecutionListener, org.springframework.test.context.web.ServletTestExecutionListener, org.springframework.test.context.support.DirtiesContextBeforeModesTestExecutionListener, org.springframework.test.context.support.DependencyInjectionTestExecutionListener, org.springframework.test.context.support.DirtiesContextTestExecutionListener, org.springframework.test.context.transaction.TransactionalTestExecutionListener, org.springframework.test.context.jdbc.SqlScriptsTestExecutionListener]
2019-08-26 13:48:46.375 [main] INFO  o.s.b.t.context.SpringBootTestContextBootstrapper - Using TestExecutionListeners: [org.springframework.test.context.web.ServletTestExecutionListener@2df3b89c, org.springframework.test.context.support.DirtiesContextBeforeModesTestExecutionListener@23348b5d, org.springframework.boot.test.mock.mockito.MockitoTestExecutionListener@70325e14, org.springframework.boot.test.autoconfigure.SpringBootDependencyInjectionTestExecutionListener@37ceb1df, org.springframework.test.context.support.DirtiesContextTestExecutionListener@7c9d8e2, org.springframework.test.context.transaction.TransactionalTestExecutionListener@20d525, org.springframework.test.context.jdbc.SqlScriptsTestExecutionListener@6200f9cb, org.springframework.boot.test.mock.mockito.ResetMocksTestExecutionListener@2002fc1d, org.springframework.boot.test.autoconfigure.restdocs.RestDocsTestExecutionListener@69453e37, org.springframework.boot.test.autoconfigure.web.client.MockRestServiceServerResetTestExecutionListener@6f4a47c7, org.springframework.boot.test.autoconfigure.web.servlet.MockMvcPrintOnlyOnFailureTestExecutionListener@ae13544, org.springframework.boot.test.autoconfigure.web.servlet.WebDriverTestExecutionListener@3d34d211]
2019-08-26 13:48:46.974 [main] INFO  com.yangfulai.Ajax0SsmApplicationTests - Starting Ajax0SsmApplicationTests on USER-20150715XA with PID 5484 (started by Administrator in D:\Java22\AJAX0SSM)
2019-08-26 13:48:46.975 [main] INFO  com.yangfulai.Ajax0SsmApplicationTests - No active profile set, falling back to default profiles: default
2019-08-26 13:48:48.369 [main] INFO  o.s.d.r.config.RepositoryConfigurationDelegate - Multiple Spring Data modules found, entering strict repository configuration mode!
2019-08-26 13:48:48.374 [main] INFO  o.s.d.r.config.RepositoryConfigurationDelegate - Bootstrapping Spring Data repositories in DEFAULT mode.
2019-08-26 13:48:48.431 [main] INFO  o.s.d.r.config.RepositoryConfigurationDelegate - Finished Spring Data repository scanning in 32ms. Found 0 repository interfaces.
2019-08-26 13:48:48.636 [main] WARN  org.mybatis.spring.mapper.ClassPathMapperScanner - Skipping MapperFactoryBean with name 'adminDAO' and 'com.yangfulai.dao.AdminDAO' mapperInterface. Bean already defined with the same name!
2019-08-26 13:48:48.637 [main] WARN  org.mybatis.spring.mapper.ClassPathMapperScanner - Skipping MapperFactoryBean with name 'departmentDAO' and 'com.yangfulai.dao.DepartmentDAO' mapperInterface. Bean already defined with the same name!
2019-08-26 13:48:48.637 [main] WARN  org.mybatis.spring.mapper.ClassPathMapperScanner - Skipping MapperFactoryBean with name 'empDAO' and 'com.yangfulai.dao.EmpDAO' mapperInterface. Bean already defined with the same name!
2019-08-26 13:48:48.637 [main] WARN  org.mybatis.spring.mapper.ClassPathMapperScanner - Skipping MapperFactoryBean with name 'positionDAO' and 'com.yangfulai.dao.PositionDAO' mapperInterface. Bean already defined with the same name!
2019-08-26 13:48:48.638 [main] WARN  org.mybatis.spring.mapper.ClassPathMapperScanner - No MyBatis mapper was found in '[com.yangfulai.dao]' package. Please check your configuration.
2019-08-26 13:48:49.074 [main] INFO  o.s.c.s.PostProcessorRegistrationDelegate$BeanPostProcessorChecker - Bean 'com.alibaba.druid.spring.boot.autoconfigure.stat.DruidSpringAopConfiguration' of type [com.alibaba.druid.spring.boot.autoconfigure.stat.DruidSpringAopConfiguration] is not eligible for getting processed by all BeanPostProcessors (for example: not eligible for auto-proxying)
2019-08-26 13:48:49.153 [main] INFO  o.s.c.s.PostProcessorRegistrationDelegate$BeanPostProcessorChecker - Bean 'redisConfig' of type [com.yangfulai.util.RedisConfig$$EnhancerBySpringCGLIB$$a7f39e14] is not eligible for getting processed by all BeanPostProcessors (for example: not eligible for auto-proxying)
2019-08-26 13:48:49.163 [main] INFO  o.s.c.s.PostProcessorRegistrationDelegate$BeanPostProcessorChecker - Bean 'org.springframework.transaction.annotation.ProxyTransactionManagementConfiguration' of type [org.springframework.transaction.annotation.ProxyTransactionManagementConfiguration$$EnhancerBySpringCGLIB$$d8679427] is not eligible for getting processed by all BeanPostProcessors (for example: not eligible for auto-proxying)
2019-08-26 13:48:49.221 [main] INFO  o.s.c.s.PostProcessorRegistrationDelegate$BeanPostProcessorChecker - Bean 'spring.datasource.druid-com.alibaba.druid.spring.boot.autoconfigure.properties.DruidStatProperties' of type [com.alibaba.druid.spring.boot.autoconfigure.properties.DruidStatProperties] is not eligible for getting processed by all BeanPostProcessors (for example: not eligible for auto-proxying)
2019-08-26 13:48:49.237 [main] INFO  o.s.c.s.PostProcessorRegistrationDelegate$BeanPostProcessorChecker - Bean 'advisor' of type [org.springframework.aop.support.RegexpMethodPointcutAdvisor] is not eligible for getting processed by all BeanPostProcessors (for example: not eligible for auto-proxying)
2019-08-26 13:48:49.449 [main] INFO  c.a.d.s.b.a.DruidDataSourceAutoConfigure - Init DruidDataSource
2019-08-26 13:48:50.257 [main] INFO  com.alibaba.druid.pool.DruidDataSource - {dataSource-1} inited
2019-08-26 13:48:52.450 [main] INFO  o.s.scheduling.concurrent.ThreadPoolTaskExecutor - Initializing ExecutorService 'applicationTaskExecutor'
2019-08-26 13:48:53.642 [container-1] INFO  io.lettuce.core.EpollProvider - Starting without optional epoll library
2019-08-26 13:48:53.644 [container-1] INFO  io.lettuce.core.KqueueProvider - Starting without optional kqueue library
2019-08-26 13:48:55.419 [container-1] ERROR o.s.d.redis.listener.RedisMessageListenerContainer - Connection failure occurred. Restarting subscription task after 5000 ms
2019-08-26 13:48:58.493 [main] INFO  com.yangfulai.Ajax0SsmApplicationTests - Started Ajax0SsmApplicationTests in 12.051 seconds (JVM running for 13.212)
2019-08-26 13:49:00.365 [Thread-2] INFO  o.s.scheduling.concurrent.ThreadPoolTaskExecutor - Shutting down ExecutorService 'applicationTaskExecutor'
2019-08-26 13:49:01.493 [Thread-2] INFO  com.alibaba.druid.pool.DruidDataSource - {dataSource-1} closed
2019-08-26 13:50:32.758 [main] INFO  o.s.b.t.context.SpringBootTestContextBootstrapper - Neither @ContextConfiguration nor @ContextHierarchy found for test class [com.yangfulai.Ajax0SsmApplicationTests], using SpringBootContextLoader
2019-08-26 13:50:32.770 [main] INFO  o.s.test.context.support.AbstractContextLoader - Could not detect default resource locations for test class [com.yangfulai.Ajax0SsmApplicationTests]: no resource found for suffixes {-context.xml, Context.groovy}.
2019-08-26 13:50:32.771 [main] INFO  o.s.t.c.support.AnnotationConfigContextLoaderUtils - Could not detect default configuration classes for test class [com.yangfulai.Ajax0SsmApplicationTests]: Ajax0SsmApplicationTests does not declare any static, non-private, non-final, nested classes annotated with @Configuration.
2019-08-26 13:50:32.978 [main] INFO  o.s.b.t.context.SpringBootTestContextBootstrapper - Found @SpringBootConfiguration com.yangfulai.Ajax0SsmApplication for test class com.yangfulai.Ajax0SsmApplicationTests
2019-08-26 13:50:33.113 [main] INFO  o.s.b.t.context.SpringBootTestContextBootstrapper - Loaded default TestExecutionListener class names from location [META-INF/spring.factories]: [org.springframework.boot.test.mock.mockito.MockitoTestExecutionListener, org.springframework.boot.test.mock.mockito.ResetMocksTestExecutionListener, org.springframework.boot.test.autoconfigure.restdocs.RestDocsTestExecutionListener, org.springframework.boot.test.autoconfigure.web.client.MockRestServiceServerResetTestExecutionListener, org.springframework.boot.test.autoconfigure.web.servlet.MockMvcPrintOnlyOnFailureTestExecutionListener, org.springframework.boot.test.autoconfigure.web.servlet.WebDriverTestExecutionListener, org.springframework.test.context.web.ServletTestExecutionListener, org.springframework.test.context.support.DirtiesContextBeforeModesTestExecutionListener, org.springframework.test.context.support.DependencyInjectionTestExecutionListener, org.springframework.test.context.support.DirtiesContextTestExecutionListener, org.springframework.test.context.transaction.TransactionalTestExecutionListener, org.springframework.test.context.jdbc.SqlScriptsTestExecutionListener]
2019-08-26 13:50:33.143 [main] INFO  o.s.b.t.context.SpringBootTestContextBootstrapper - Using TestExecutionListeners: [org.springframework.test.context.web.ServletTestExecutionListener@2df3b89c, org.springframework.test.context.support.DirtiesContextBeforeModesTestExecutionListener@23348b5d, org.springframework.boot.test.mock.mockito.MockitoTestExecutionListener@70325e14, org.springframework.boot.test.autoconfigure.SpringBootDependencyInjectionTestExecutionListener@37ceb1df, org.springframework.test.context.support.DirtiesContextTestExecutionListener@7c9d8e2, org.springframework.test.context.transaction.TransactionalTestExecutionListener@20d525, org.springframework.test.context.jdbc.SqlScriptsTestExecutionListener@6200f9cb, org.springframework.boot.test.mock.mockito.ResetMocksTestExecutionListener@2002fc1d, org.springframework.boot.test.autoconfigure.restdocs.RestDocsTestExecutionListener@69453e37, org.springframework.boot.test.autoconfigure.web.client.MockRestServiceServerResetTestExecutionListener@6f4a47c7, org.springframework.boot.test.autoconfigure.web.servlet.MockMvcPrintOnlyOnFailureTestExecutionListener@ae13544, org.springframework.boot.test.autoconfigure.web.servlet.WebDriverTestExecutionListener@3d34d211]
2019-08-26 13:50:33.950 [main] INFO  com.yangfulai.Ajax0SsmApplicationTests - Starting Ajax0SsmApplicationTests on USER-20150715XA with PID 7256 (started by Administrator in D:\Java22\AJAX0SSM)
2019-08-26 13:50:33.951 [main] INFO  com.yangfulai.Ajax0SsmApplicationTests - No active profile set, falling back to default profiles: default
2019-08-26 13:50:35.176 [main] INFO  o.s.d.r.config.RepositoryConfigurationDelegate - Multiple Spring Data modules found, entering strict repository configuration mode!
2019-08-26 13:50:35.181 [main] INFO  o.s.d.r.config.RepositoryConfigurationDelegate - Bootstrapping Spring Data repositories in DEFAULT mode.
2019-08-26 13:50:35.237 [main] INFO  o.s.d.r.config.RepositoryConfigurationDelegate - Finished Spring Data repository scanning in 29ms. Found 0 repository interfaces.
2019-08-26 13:50:35.457 [main] WARN  org.mybatis.spring.mapper.ClassPathMapperScanner - Skipping MapperFactoryBean with name 'adminDAO' and 'com.yangfulai.dao.AdminDAO' mapperInterface. Bean already defined with the same name!
2019-08-26 13:50:35.458 [main] WARN  org.mybatis.spring.mapper.ClassPathMapperScanner - Skipping MapperFactoryBean with name 'departmentDAO' and 'com.yangfulai.dao.DepartmentDAO' mapperInterface. Bean already defined with the same name!
2019-08-26 13:50:35.458 [main] WARN  org.mybatis.spring.mapper.ClassPathMapperScanner - Skipping MapperFactoryBean with name 'empDAO' and 'com.yangfulai.dao.EmpDAO' mapperInterface. Bean already defined with the same name!
2019-08-26 13:50:35.458 [main] WARN  org.mybatis.spring.mapper.ClassPathMapperScanner - Skipping MapperFactoryBean with name 'positionDAO' and 'com.yangfulai.dao.PositionDAO' mapperInterface. Bean already defined with the same name!
2019-08-26 13:50:35.459 [main] WARN  org.mybatis.spring.mapper.ClassPathMapperScanner - No MyBatis mapper was found in '[com.yangfulai.dao]' package. Please check your configuration.
2019-08-26 13:50:35.896 [main] INFO  o.s.c.s.PostProcessorRegistrationDelegate$BeanPostProcessorChecker - Bean 'com.alibaba.druid.spring.boot.autoconfigure.stat.DruidSpringAopConfiguration' of type [com.alibaba.druid.spring.boot.autoconfigure.stat.DruidSpringAopConfiguration] is not eligible for getting processed by all BeanPostProcessors (for example: not eligible for auto-proxying)
2019-08-26 13:50:35.995 [main] INFO  o.s.c.s.PostProcessorRegistrationDelegate$BeanPostProcessorChecker - Bean 'redisConfig' of type [com.yangfulai.util.RedisConfig$$EnhancerBySpringCGLIB$$3d9e8551] is not eligible for getting processed by all BeanPostProcessors (for example: not eligible for auto-proxying)
2019-08-26 13:50:36.008 [main] INFO  o.s.c.s.PostProcessorRegistrationDelegate$BeanPostProcessorChecker - Bean 'org.springframework.transaction.annotation.ProxyTransactionManagementConfiguration' of type [org.springframework.transaction.annotation.ProxyTransactionManagementConfiguration$$EnhancerBySpringCGLIB$$6e127b64] is not eligible for getting processed by all BeanPostProcessors (for example: not eligible for auto-proxying)
2019-08-26 13:50:36.085 [main] INFO  o.s.c.s.PostProcessorRegistrationDelegate$BeanPostProcessorChecker - Bean 'spring.datasource.druid-com.alibaba.druid.spring.boot.autoconfigure.properties.DruidStatProperties' of type [com.alibaba.druid.spring.boot.autoconfigure.properties.DruidStatProperties] is not eligible for getting processed by all BeanPostProcessors (for example: not eligible for auto-proxying)
2019-08-26 13:50:36.115 [main] INFO  o.s.c.s.PostProcessorRegistrationDelegate$BeanPostProcessorChecker - Bean 'advisor' of type [org.springframework.aop.support.RegexpMethodPointcutAdvisor] is not eligible for getting processed by all BeanPostProcessors (for example: not eligible for auto-proxying)
2019-08-26 13:50:36.323 [main] INFO  c.a.d.s.b.a.DruidDataSourceAutoConfigure - Init DruidDataSource
2019-08-26 13:50:37.149 [main] INFO  com.alibaba.druid.pool.DruidDataSource - {dataSource-1} inited
2019-08-26 13:50:39.228 [main] INFO  o.s.scheduling.concurrent.ThreadPoolTaskExecutor - Initializing ExecutorService 'applicationTaskExecutor'
2019-08-26 13:50:40.333 [container-1] INFO  io.lettuce.core.EpollProvider - Starting without optional epoll library
2019-08-26 13:50:40.335 [container-1] INFO  io.lettuce.core.KqueueProvider - Starting without optional kqueue library
2019-08-26 13:50:42.095 [container-1] ERROR o.s.d.redis.listener.RedisMessageListenerContainer - Connection failure occurred. Restarting subscription task after 5000 ms
2019-08-26 13:50:45.186 [main] INFO  com.yangfulai.Ajax0SsmApplicationTests - Started Ajax0SsmApplicationTests in 11.944 seconds (JVM running for 13.194)
2019-08-26 13:50:45.960 [Thread-2] INFO  o.s.scheduling.concurrent.ThreadPoolTaskExecutor - Shutting down ExecutorService 'applicationTaskExecutor'
2019-08-26 13:50:47.136 [Thread-2] INFO  com.alibaba.druid.pool.DruidDataSource - {dataSource-1} closed
